{"/Users/yulia/REACT2026/rs-react2026-app/src/App.tsx": {"path":"/Users/yulia/REACT2026/rs-react2026-app/src/App.tsx","statementMap":{"0":{"start":{"line":7,"column":2},"end":{"line":12,"column":null}}},"fnMap":{"0":{"name":"App","decl":{"start":{"line":6,"column":9},"end":{"line":6,"column":15}},"loc":{"start":{"line":6,"column":15},"end":{"line":14,"column":null}},"line":6}},"branchMap":{},"s":{"0":0},"f":{"0":0},"b":{},"meta":{"lastBranch":0,"lastFunction":1,"lastStatement":1,"seen":{"f:6:9:6:15":0,"s:7:2:12:Infinity":0}}}
,"/Users/yulia/REACT2026/rs-react2026-app/src/main.tsx": {"path":"/Users/yulia/REACT2026/rs-react2026-app/src/main.tsx","statementMap":{"0":{"start":{"line":6,"column":0},"end":{"line":10,"column":null}}},"fnMap":{},"branchMap":{},"s":{"0":0},"f":{},"b":{},"meta":{"lastBranch":0,"lastFunction":0,"lastStatement":1,"seen":{"s:6:0:10:Infinity":0}}}
,"/Users/yulia/REACT2026/rs-react2026-app/src/Components/Button/button.tsx": {"path":"/Users/yulia/REACT2026/rs-react2026-app/src/Components/Button/button.tsx","statementMap":{"0":{"start":{"line":10,"column":2},"end":{"line":18,"column":null}}},"fnMap":{"0":{"name":"Button","decl":{"start":{"line":4,"column":16},"end":{"line":4,"column":23}},"loc":{"start":{"line":9,"column":12},"end":{"line":20,"column":null}},"line":9}},"branchMap":{"0":{"loc":{"start":{"line":6,"column":2},"end":{"line":6,"column":null}},"type":"default-arg","locations":[{"start":{"line":6,"column":9},"end":{"line":6,"column":null}}],"line":6},"1":{"loc":{"start":{"line":7,"column":2},"end":{"line":7,"column":null}},"type":"default-arg","locations":[{"start":{"line":7,"column":13},"end":{"line":7,"column":null}}],"line":7},"2":{"loc":{"start":{"line":12,"column":34},"end":{"line":12,"column":null}},"type":"cond-expr","locations":[{"start":{"line":12,"column":45},"end":{"line":12,"column":58}},{"start":{"line":12,"column":58},"end":{"line":12,"column":null}}],"line":12}},"s":{"0":7},"f":{"0":7},"b":{"0":[7],"1":[7],"2":[4,3]},"meta":{"lastBranch":3,"lastFunction":1,"lastStatement":1,"seen":{"f:4:16:4:23":0,"b:6:9:6:Infinity":0,"b:7:13:7:Infinity":1,"s:10:2:18:Infinity":0,"b:12:45:12:58:12:58:12:Infinity":2}}}
,"/Users/yulia/REACT2026/rs-react2026-app/src/Components/CardList/cardList.tsx": {"path":"/Users/yulia/REACT2026/rs-react2026-app/src/Components/CardList/cardList.tsx","statementMap":{"0":{"start":{"line":5,"column":8},"end":{"line":5,"column":null}},"1":{"start":{"line":5,"column":43},"end":{"line":5,"column":54}},"2":{"start":{"line":7,"column":2},"end":{"line":32,"column":null}},"3":{"start":{"line":10,"column":8},"end":{"line":30,"column":null}}},"fnMap":{"0":{"name":"CardList","decl":{"start":{"line":4,"column":16},"end":{"line":4,"column":27}},"loc":{"start":{"line":4,"column":27},"end":{"line":34,"column":null}},"line":4},"1":{"name":"(anonymous_1)","decl":{"start":{"line":5,"column":16},"end":{"line":5,"column":33}},"loc":{"start":{"line":5,"column":43},"end":{"line":5,"column":54}},"line":5},"2":{"name":"(anonymous_2)","decl":{"start":{"line":9,"column":13},"end":{"line":9,"column":18}},"loc":{"start":{"line":10,"column":8},"end":{"line":30,"column":null}},"line":10}},"branchMap":{"0":{"loc":{"start":{"line":12,"column":29},"end":{"line":12,"column":null}},"type":"cond-expr","locations":[{"start":{"line":12,"column":58},"end":{"line":12,"column":72}},{"start":{"line":12,"column":72},"end":{"line":12,"column":null}}],"line":12}},"s":{"0":2,"1":2,"2":2,"3":2},"f":{"0":2,"1":2,"2":2},"b":{"0":[1,1]},"meta":{"lastBranch":1,"lastFunction":3,"lastStatement":4,"seen":{"f:4:16:4:27":0,"s:5:8:5:Infinity":0,"f:5:16:5:33":1,"s:5:43:5:54":1,"s:7:2:32:Infinity":2,"f:9:13:9:18":2,"s:10:8:30:Infinity":3,"b:12:58:12:72:12:72:12:Infinity":0}}}
,"/Users/yulia/REACT2026/rs-react2026-app/src/Components/Forms/formUnControl.tsx": {"path":"/Users/yulia/REACT2026/rs-react2026-app/src/Components/Forms/formUnControl.tsx","statementMap":{"0":{"start":{"line":12,"column":6},"end":{"line":278,"column":null}},"1":{"start":{"line":13,"column":23},"end":{"line":13,"column":null}},"2":{"start":{"line":14,"column":23},"end":{"line":14,"column":null}},"3":{"start":{"line":15,"column":17},"end":{"line":15,"column":null}},"4":{"start":{"line":17,"column":8},"end":{"line":17,"column":null}},"5":{"start":{"line":17,"column":47},"end":{"line":17,"column":57}},"6":{"start":{"line":18,"column":8},"end":{"line":18,"column":null}},"7":{"start":{"line":18,"column":45},"end":{"line":18,"column":58}},"8":{"start":{"line":19,"column":28},"end":{"line":19,"column":null}},"9":{"start":{"line":21,"column":24},"end":{"line":21,"column":null}},"10":{"start":{"line":23,"column":8},"end":{"line":23,"column":null}},"11":{"start":{"line":24,"column":8},"end":{"line":24,"column":null}},"12":{"start":{"line":25,"column":8},"end":{"line":25,"column":null}},"13":{"start":{"line":26,"column":8},"end":{"line":26,"column":null}},"14":{"start":{"line":27,"column":8},"end":{"line":27,"column":null}},"15":{"start":{"line":28,"column":8},"end":{"line":28,"column":null}},"16":{"start":{"line":29,"column":8},"end":{"line":29,"column":null}},"17":{"start":{"line":30,"column":8},"end":{"line":30,"column":null}},"18":{"start":{"line":32,"column":8},"end":{"line":42,"column":null}},"19":{"start":{"line":33,"column":18},"end":{"line":33,"column":null}},"20":{"start":{"line":34,"column":4},"end":{"line":41,"column":null}},"21":{"start":{"line":35,"column":23},"end":{"line":37,"column":null}},"22":{"start":{"line":36,"column":8},"end":{"line":36,"column":null}},"23":{"start":{"line":38,"column":6},"end":{"line":38,"column":null}},"24":{"start":{"line":40,"column":6},"end":{"line":40,"column":null}},"25":{"start":{"line":44,"column":8},"end":{"line":49,"column":null}},"26":{"start":{"line":45,"column":4},"end":{"line":47,"column":null}},"27":{"start":{"line":46,"column":6},"end":{"line":46,"column":null}},"28":{"start":{"line":48,"column":4},"end":{"line":48,"column":null}},"29":{"start":{"line":51,"column":8},"end":{"line":53,"column":null}},"30":{"start":{"line":52,"column":4},"end":{"line":52,"column":null}},"31":{"start":{"line":52,"column":30},"end":{"line":52,"column":35}},"32":{"start":{"line":55,"column":8},"end":{"line":57,"column":null}},"33":{"start":{"line":56,"column":4},"end":{"line":56,"column":null}},"34":{"start":{"line":59,"column":23},"end":{"line":129,"column":null}},"35":{"start":{"line":60,"column":4},"end":{"line":60,"column":null}},"36":{"start":{"line":62,"column":24},"end":{"line":62,"column":null}},"37":{"start":{"line":64,"column":27},"end":{"line":64,"column":null}},"38":{"start":{"line":65,"column":27},"end":{"line":65,"column":null}},"39":{"start":{"line":67,"column":21},"end":{"line":77,"column":null}},"40":{"start":{"line":79,"column":4},"end":{"line":128,"column":null}},"41":{"start":{"line":80,"column":6},"end":{"line":80,"column":null}},"42":{"start":{"line":81,"column":6},"end":{"line":90,"column":null}},"43":{"start":{"line":83,"column":22},"end":{"line":83,"column":37}},"44":{"start":{"line":86,"column":8},"end":{"line":88,"column":null}},"45":{"start":{"line":89,"column":8},"end":{"line":89,"column":null}},"46":{"start":{"line":92,"column":6},"end":{"line":92,"column":null}},"47":{"start":{"line":94,"column":23},"end":{"line":94,"column":null}},"48":{"start":{"line":95,"column":6},"end":{"line":97,"column":null}},"49":{"start":{"line":96,"column":8},"end":{"line":96,"column":null}},"50":{"start":{"line":99,"column":23},"end":{"line":107,"column":null}},"51":{"start":{"line":109,"column":6},"end":{"line":109,"column":null}},"52":{"start":{"line":111,"column":6},"end":{"line":111,"column":null}},"53":{"start":{"line":113,"column":6},"end":{"line":117,"column":null}},"54":{"start":{"line":114,"column":8},"end":{"line":114,"column":null}},"55":{"start":{"line":115,"column":8},"end":{"line":115,"column":null}},"56":{"start":{"line":116,"column":8},"end":{"line":116,"column":null}},"57":{"start":{"line":119,"column":6},"end":{"line":127,"column":null}},"58":{"start":{"line":120,"column":60},"end":{"line":120,"column":null}},"59":{"start":{"line":121,"column":8},"end":{"line":125,"column":null}},"60":{"start":{"line":122,"column":10},"end":{"line":124,"column":null}},"61":{"start":{"line":123,"column":12},"end":{"line":123,"column":null}},"62":{"start":{"line":126,"column":8},"end":{"line":126,"column":null}},"63":{"start":{"line":131,"column":2},"end":{"line":276,"column":null}},"64":{"start":{"line":173,"column":16},"end":{"line":179,"column":null}},"65":{"start":{"line":175,"column":33},"end":{"line":175,"column":null}}},"fnMap":{"0":{"name":"(anonymous_0)","decl":{"start":{"line":12,"column":6},"end":{"line":12,"column":28}},"loc":{"start":{"line":12,"column":28},"end":{"line":278,"column":null}},"line":12},"1":{"name":"(anonymous_1)","decl":{"start":{"line":17,"column":20},"end":{"line":17,"column":37}},"loc":{"start":{"line":17,"column":47},"end":{"line":17,"column":57}},"line":17},"2":{"name":"(anonymous_2)","decl":{"start":{"line":18,"column":18},"end":{"line":18,"column":35}},"loc":{"start":{"line":18,"column":45},"end":{"line":18,"column":58}},"line":18},"3":{"name":"(anonymous_3)","decl":{"start":{"line":32,"column":8},"end":{"line":32,"column":41}},"loc":{"start":{"line":32,"column":41},"end":{"line":42,"column":null}},"line":32},"4":{"name":"(anonymous_4)","decl":{"start":{"line":35,"column":33},"end":{"line":35,"column":41}},"loc":{"start":{"line":36,"column":8},"end":{"line":36,"column":null}},"line":36},"5":{"name":"(anonymous_5)","decl":{"start":{"line":44,"column":8},"end":{"line":44,"column":31}},"loc":{"start":{"line":44,"column":51},"end":{"line":49,"column":null}},"line":44},"6":{"name":"(anonymous_6)","decl":{"start":{"line":51,"column":8},"end":{"line":51,"column":41}},"loc":{"start":{"line":51,"column":41},"end":{"line":53,"column":null}},"line":51},"7":{"name":"(anonymous_7)","decl":{"start":{"line":52,"column":4},"end":{"line":52,"column":21}},"loc":{"start":{"line":52,"column":30},"end":{"line":52,"column":35}},"line":52},"8":{"name":"(anonymous_8)","decl":{"start":{"line":55,"column":8},"end":{"line":55,"column":37}},"loc":{"start":{"line":55,"column":37},"end":{"line":57,"column":null}},"line":55},"9":{"name":"(anonymous_9)","decl":{"start":{"line":59,"column":23},"end":{"line":59,"column":30}},"loc":{"start":{"line":59,"column":70},"end":{"line":129,"column":null}},"line":59},"10":{"name":"(anonymous_10)","decl":{"start":{"line":83,"column":11},"end":{"line":83,"column":16}},"loc":{"start":{"line":83,"column":22},"end":{"line":83,"column":37}},"line":83},"11":{"name":"(anonymous_11)","decl":{"start":{"line":113,"column":6},"end":{"line":113,"column":23}},"loc":{"start":{"line":113,"column":23},"end":{"line":117,"column":9}},"line":113},"12":{"name":"(anonymous_12)","decl":{"start":{"line":121,"column":18},"end":{"line":121,"column":27}},"loc":{"start":{"line":121,"column":37},"end":{"line":125,"column":9}},"line":121},"13":{"name":"(anonymous_13)","decl":{"start":{"line":172,"column":33},"end":{"line":172,"column":38}},"loc":{"start":{"line":173,"column":16},"end":{"line":179,"column":null}},"line":173},"14":{"name":"(anonymous_14)","decl":{"start":{"line":175,"column":18},"end":{"line":175,"column":33}},"loc":{"start":{"line":175,"column":33},"end":{"line":175,"column":null}},"line":175}},"branchMap":{"0":{"loc":{"start":{"line":33,"column":18},"end":{"line":33,"column":null}},"type":"binary-expr","locations":[{"start":{"line":33,"column":18},"end":{"line":33,"column":47}},{"start":{"line":33,"column":47},"end":{"line":33,"column":null}}],"line":33},"1":{"loc":{"start":{"line":34,"column":4},"end":{"line":41,"column":null}},"type":"if","locations":[{"start":{"line":34,"column":4},"end":{"line":41,"column":null}},{"start":{"line":39,"column":11},"end":{"line":41,"column":null}}],"line":34},"2":{"loc":{"start":{"line":45,"column":4},"end":{"line":47,"column":null}},"type":"if","locations":[{"start":{"line":45,"column":4},"end":{"line":47,"column":null}},{"start":{},"end":{}}],"line":45},"3":{"loc":{"start":{"line":56,"column":21},"end":{"line":56,"column":53}},"type":"binary-expr","locations":[{"start":{"line":56,"column":21},"end":{"line":56,"column":51}},{"start":{"line":56,"column":51},"end":{"line":56,"column":53}}],"line":56},"4":{"loc":{"start":{"line":65,"column":27},"end":{"line":65,"column":null}},"type":"binary-expr","locations":[{"start":{"line":65,"column":27},"end":{"line":65,"column":71}},{"start":{"line":65,"column":71},"end":{"line":65,"column":null}}],"line":65},"5":{"loc":{"start":{"line":68,"column":12},"end":{"line":68,"column":null}},"type":"binary-expr","locations":[{"start":{"line":68,"column":12},"end":{"line":68,"column":38}},{"start":{"line":68,"column":38},"end":{"line":68,"column":null}}],"line":68},"6":{"loc":{"start":{"line":69,"column":11},"end":{"line":69,"column":null}},"type":"binary-expr","locations":[{"start":{"line":69,"column":11},"end":{"line":69,"column":44}},{"start":{"line":69,"column":44},"end":{"line":69,"column":null}}],"line":69},"7":{"loc":{"start":{"line":70,"column":13},"end":{"line":70,"column":null}},"type":"binary-expr","locations":[{"start":{"line":70,"column":13},"end":{"line":70,"column":40}},{"start":{"line":70,"column":40},"end":{"line":70,"column":null}}],"line":70},"8":{"loc":{"start":{"line":71,"column":15},"end":{"line":71,"column":null}},"type":"binary-expr","locations":[{"start":{"line":71,"column":15},"end":{"line":71,"column":44}},{"start":{"line":71,"column":44},"end":{"line":71,"column":null}}],"line":71},"9":{"loc":{"start":{"line":73,"column":12},"end":{"line":73,"column":null}},"type":"binary-expr","locations":[{"start":{"line":73,"column":12},"end":{"line":73,"column":39}},{"start":{"line":73,"column":39},"end":{"line":73,"column":null}}],"line":73},"10":{"loc":{"start":{"line":74,"column":13},"end":{"line":74,"column":null}},"type":"binary-expr","locations":[{"start":{"line":74,"column":13},"end":{"line":74,"column":42}},{"start":{"line":74,"column":42},"end":{"line":74,"column":null}}],"line":74},"11":{"loc":{"start":{"line":75,"column":16},"end":{"line":75,"column":null}},"type":"binary-expr","locations":[{"start":{"line":75,"column":16},"end":{"line":75,"column":46}},{"start":{"line":75,"column":46},"end":{"line":75,"column":null}}],"line":75},"12":{"loc":{"start":{"line":76,"column":23},"end":{"line":76,"column":null}},"type":"binary-expr","locations":[{"start":{"line":76,"column":23},"end":{"line":76,"column":60}},{"start":{"line":76,"column":60},"end":{"line":76,"column":null}}],"line":76},"13":{"loc":{"start":{"line":81,"column":6},"end":{"line":90,"column":null}},"type":"if","locations":[{"start":{"line":81,"column":6},"end":{"line":90,"column":null}},{"start":{},"end":{}}],"line":81},"14":{"loc":{"start":{"line":95,"column":6},"end":{"line":97,"column":null}},"type":"if","locations":[{"start":{"line":95,"column":6},"end":{"line":97,"column":null}},{"start":{},"end":{}}],"line":95},"15":{"loc":{"start":{"line":95,"column":10},"end":{"line":95,"column":53}},"type":"binary-expr","locations":[{"start":{"line":95,"column":10},"end":{"line":95,"column":27}},{"start":{"line":95,"column":27},"end":{"line":95,"column":53}}],"line":95},"16":{"loc":{"start":{"line":101,"column":13},"end":{"line":101,"column":null}},"type":"binary-expr","locations":[{"start":{"line":101,"column":13},"end":{"line":101,"column":29}},{"start":{"line":101,"column":29},"end":{"line":101,"column":null}}],"line":101},"17":{"loc":{"start":{"line":119,"column":6},"end":{"line":127,"column":null}},"type":"if","locations":[{"start":{"line":119,"column":6},"end":{"line":127,"column":null}},{"start":{},"end":{}}],"line":119},"18":{"loc":{"start":{"line":122,"column":10},"end":{"line":124,"column":null}},"type":"if","locations":[{"start":{"line":122,"column":10},"end":{"line":124,"column":null}},{"start":{},"end":{}}],"line":122},"19":{"loc":{"start":{"line":170,"column":11},"end":{"line":181,"column":null}},"type":"binary-expr","locations":[{"start":{"line":170,"column":11},"end":{"line":170,"column":null}},{"start":{"line":171,"column":12},"end":{"line":181,"column":null}}],"line":170},"20":{"loc":{"start":{"line":184,"column":9},"end":{"line":185,"column":null}},"type":"binary-expr","locations":[{"start":{"line":184,"column":9},"end":{"line":184,"column":27}},{"start":{"line":184,"column":27},"end":{"line":185,"column":null}}],"line":184},"21":{"loc":{"start":{"line":203,"column":9},"end":{"line":204,"column":null}},"type":"binary-expr","locations":[{"start":{"line":203,"column":9},"end":{"line":203,"column":26}},{"start":{"line":203,"column":26},"end":{"line":204,"column":null}}],"line":203},"22":{"loc":{"start":{"line":217,"column":9},"end":{"line":218,"column":null}},"type":"binary-expr","locations":[{"start":{"line":217,"column":9},"end":{"line":217,"column":24}},{"start":{"line":217,"column":24},"end":{"line":218,"column":null}}],"line":217},"23":{"loc":{"start":{"line":225,"column":9},"end":{"line":226,"column":null}},"type":"binary-expr","locations":[{"start":{"line":225,"column":9},"end":{"line":225,"column":25}},{"start":{"line":225,"column":25},"end":{"line":226,"column":null}}],"line":225},"24":{"loc":{"start":{"line":235,"column":18},"end":{"line":235,"column":null}},"type":"cond-expr","locations":[{"start":{"line":235,"column":33},"end":{"line":235,"column":42}},{"start":{"line":235,"column":42},"end":{"line":235,"column":null}}],"line":235},"25":{"loc":{"start":{"line":245,"column":13},"end":{"line":245,"column":null}},"type":"cond-expr","locations":[{"start":{"line":245,"column":28},"end":{"line":245,"column":46}},{"start":{"line":245,"column":45},"end":{"line":245,"column":null}}],"line":245},"26":{"loc":{"start":{"line":248,"column":9},"end":{"line":248,"column":null}},"type":"binary-expr","locations":[{"start":{"line":248,"column":9},"end":{"line":248,"column":28}},{"start":{"line":248,"column":28},"end":{"line":248,"column":null}}],"line":248},"27":{"loc":{"start":{"line":257,"column":18},"end":{"line":257,"column":null}},"type":"cond-expr","locations":[{"start":{"line":257,"column":33},"end":{"line":257,"column":42}},{"start":{"line":257,"column":42},"end":{"line":257,"column":null}}],"line":257},"28":{"loc":{"start":{"line":266,"column":13},"end":{"line":266,"column":null}},"type":"cond-expr","locations":[{"start":{"line":266,"column":28},"end":{"line":266,"column":46}},{"start":{"line":266,"column":45},"end":{"line":266,"column":null}}],"line":266},"29":{"loc":{"start":{"line":269,"column":9},"end":{"line":272,"column":null}},"type":"binary-expr","locations":[{"start":{"line":269,"column":9},"end":{"line":269,"column":null}},{"start":{"line":270,"column":10},"end":{"line":272,"column":null}}],"line":269},"30":{"loc":{"start":{"line":275,"column":7},"end":{"line":275,"column":null}},"type":"cond-expr","locations":[{"start":{"line":275,"column":22},"end":{"line":275,"column":72}},{"start":{"line":275,"column":71},"end":{"line":275,"column":null}}],"line":275}},"s":{"0":1,"1":3,"2":3,"3":3,"4":3,"5":9,"6":3,"7":9,"8":3,"9":3,"10":3,"11":3,"12":3,"13":3,"14":3,"15":3,"16":3,"17":3,"18":3,"19":0,"20":0,"21":0,"22":0,"23":0,"24":0,"25":3,"26":0,"27":0,"28":0,"29":3,"30":0,"31":0,"32":3,"33":0,"34":3,"35":1,"36":1,"37":1,"38":1,"39":1,"40":1,"41":1,"42":0,"43":0,"44":0,"45":0,"46":0,"47":0,"48":0,"49":0,"50":0,"51":1,"52":1,"53":1,"54":0,"55":0,"56":0,"57":1,"58":1,"59":1,"60":16,"61":16,"62":1,"63":3,"64":0,"65":0},"f":{"0":3,"1":9,"2":9,"3":0,"4":0,"5":0,"6":0,"7":0,"8":0,"9":1,"10":0,"11":0,"12":16,"13":0,"14":0},"b":{"0":[0,0],"1":[0,0],"2":[0,0],"3":[0,0],"4":[1,1],"5":[1,1],"6":[1,1],"7":[1,1],"8":[1,1],"9":[1,0],"10":[1,1],"11":[1,1],"12":[1,1],"13":[0,0],"14":[0,0],"15":[0,0],"16":[0,0],"17":[1,0],"18":[16,0],"19":[3,0],"20":[3,1],"21":[3,1],"22":[3,1],"23":[3,1],"24":[0,3],"25":[0,3],"26":[3,1],"27":[0,3],"28":[0,3],"29":[3,1],"30":[0,3]},"meta":{"lastBranch":31,"lastFunction":15,"lastStatement":66,"seen":{"s:12:6:278:Infinity":0,"f:12:6:12:28":0,"s:13:23:13:Infinity":1,"s:14:23:14:Infinity":2,"s:15:17:15:Infinity":3,"s:17:8:17:Infinity":4,"f:17:20:17:37":1,"s:17:47:17:57":5,"s:18:8:18:Infinity":6,"f:18:18:18:35":2,"s:18:45:18:58":7,"s:19:28:19:Infinity":8,"s:21:24:21:Infinity":9,"s:23:8:23:Infinity":10,"s:24:8:24:Infinity":11,"s:25:8:25:Infinity":12,"s:26:8:26:Infinity":13,"s:27:8:27:Infinity":14,"s:28:8:28:Infinity":15,"s:29:8:29:Infinity":16,"s:30:8:30:Infinity":17,"s:32:8:42:Infinity":18,"f:32:8:32:41":3,"s:33:18:33:Infinity":19,"b:33:18:33:47:33:47:33:Infinity":0,"b:34:4:41:Infinity:39:11:41:Infinity":1,"s:34:4:41:Infinity":20,"s:35:23:37:Infinity":21,"f:35:33:35:41":4,"s:36:8:36:Infinity":22,"s:38:6:38:Infinity":23,"s:40:6:40:Infinity":24,"s:44:8:49:Infinity":25,"f:44:8:44:31":5,"b:45:4:47:Infinity:undefined:undefined:undefined:undefined":2,"s:45:4:47:Infinity":26,"s:46:6:46:Infinity":27,"s:48:4:48:Infinity":28,"s:51:8:53:Infinity":29,"f:51:8:51:41":6,"s:52:4:52:Infinity":30,"f:52:4:52:21":7,"s:52:30:52:35":31,"s:55:8:57:Infinity":32,"f:55:8:55:37":8,"s:56:4:56:Infinity":33,"b:56:21:56:51:56:51:56:53":3,"s:59:23:129:Infinity":34,"f:59:23:59:30":9,"s:60:4:60:Infinity":35,"s:62:24:62:Infinity":36,"s:64:27:64:Infinity":37,"s:65:27:65:Infinity":38,"b:65:27:65:71:65:71:65:Infinity":4,"s:67:21:77:Infinity":39,"b:68:12:68:38:68:38:68:Infinity":5,"b:69:11:69:44:69:44:69:Infinity":6,"b:70:13:70:40:70:40:70:Infinity":7,"b:71:15:71:44:71:44:71:Infinity":8,"b:73:12:73:39:73:39:73:Infinity":9,"b:74:13:74:42:74:42:74:Infinity":10,"b:75:16:75:46:75:46:75:Infinity":11,"b:76:23:76:60:76:60:76:Infinity":12,"s:79:4:128:Infinity":40,"s:80:6:80:Infinity":41,"b:81:6:90:Infinity:undefined:undefined:undefined:undefined":13,"s:81:6:90:Infinity":42,"f:83:11:83:16":10,"s:83:22:83:37":43,"s:86:8:88:Infinity":44,"s:89:8:89:Infinity":45,"s:92:6:92:Infinity":46,"s:94:23:94:Infinity":47,"b:95:6:97:Infinity:undefined:undefined:undefined:undefined":14,"s:95:6:97:Infinity":48,"b:95:10:95:27:95:27:95:53":15,"s:96:8:96:Infinity":49,"s:99:23:107:Infinity":50,"b:101:13:101:29:101:29:101:Infinity":16,"s:109:6:109:Infinity":51,"s:111:6:111:Infinity":52,"s:113:6:117:Infinity":53,"f:113:6:113:23":11,"s:114:8:114:Infinity":54,"s:115:8:115:Infinity":55,"s:116:8:116:Infinity":56,"b:119:6:127:Infinity:undefined:undefined:undefined:undefined":17,"s:119:6:127:Infinity":57,"s:120:60:120:Infinity":58,"s:121:8:125:Infinity":59,"f:121:18:121:27":12,"b:122:10:124:Infinity:undefined:undefined:undefined:undefined":18,"s:122:10:124:Infinity":60,"s:123:12:123:Infinity":61,"s:126:8:126:Infinity":62,"s:131:2:276:Infinity":63,"b:170:11:170:Infinity:171:12:181:Infinity":19,"f:172:33:172:38":13,"s:173:16:179:Infinity":64,"f:175:18:175:33":14,"s:175:33:175:Infinity":65,"b:184:9:184:27:184:27:185:Infinity":20,"b:203:9:203:26:203:26:204:Infinity":21,"b:217:9:217:24:217:24:218:Infinity":22,"b:225:9:225:25:225:25:226:Infinity":23,"b:235:33:235:42:235:42:235:Infinity":24,"b:245:28:245:46:245:45:245:Infinity":25,"b:248:9:248:28:248:28:248:Infinity":26,"b:257:33:257:42:257:42:257:Infinity":27,"b:266:28:266:46:266:45:266:Infinity":28,"b:269:9:269:Infinity:270:10:272:Infinity":29,"b:275:22:275:72:275:71:275:Infinity":30}}}
,"/Users/yulia/REACT2026/rs-react2026-app/src/Components/Forms/formUseHook.tsx": {"path":"/Users/yulia/REACT2026/rs-react2026-app/src/Components/Forms/formUseHook.tsx","statementMap":{"0":{"start":{"line":17,"column":6},"end":{"line":126,"column":null}},"1":{"start":{"line":18,"column":23},"end":{"line":18,"column":null}},"2":{"start":{"line":19,"column":8},"end":{"line":19,"column":null}},"3":{"start":{"line":19,"column":47},"end":{"line":19,"column":57}},"4":{"start":{"line":20,"column":8},"end":{"line":20,"column":null}},"5":{"start":{"line":20,"column":45},"end":{"line":20,"column":58}},"6":{"start":{"line":26,"column":17},"end":{"line":30,"column":null}},"7":{"start":{"line":32,"column":19},"end":{"line":59,"column":null}},"8":{"start":{"line":33,"column":4},"end":{"line":58,"column":null}},"9":{"start":{"line":34,"column":23},"end":{"line":34,"column":null}},"10":{"start":{"line":35,"column":6},"end":{"line":37,"column":null}},"11":{"start":{"line":36,"column":8},"end":{"line":36,"column":null}},"12":{"start":{"line":39,"column":23},"end":{"line":47,"column":null}},"13":{"start":{"line":49,"column":6},"end":{"line":49,"column":null}},"14":{"start":{"line":51,"column":6},"end":{"line":51,"column":null}},"15":{"start":{"line":52,"column":6},"end":{"line":55,"column":null}},"16":{"start":{"line":53,"column":8},"end":{"line":53,"column":null}},"17":{"start":{"line":54,"column":8},"end":{"line":54,"column":null}},"18":{"start":{"line":57,"column":6},"end":{"line":57,"column":null}},"19":{"start":{"line":61,"column":2},"end":{"line":124,"column":null}}},"fnMap":{"0":{"name":"(anonymous_0)","decl":{"start":{"line":17,"column":6},"end":{"line":17,"column":26}},"loc":{"start":{"line":17,"column":26},"end":{"line":126,"column":null}},"line":17},"1":{"name":"(anonymous_1)","decl":{"start":{"line":19,"column":20},"end":{"line":19,"column":37}},"loc":{"start":{"line":19,"column":47},"end":{"line":19,"column":57}},"line":19},"2":{"name":"(anonymous_2)","decl":{"start":{"line":20,"column":18},"end":{"line":20,"column":35}},"loc":{"start":{"line":20,"column":45},"end":{"line":20,"column":58}},"line":20},"3":{"name":"(anonymous_3)","decl":{"start":{"line":32,"column":19},"end":{"line":32,"column":26}},"loc":{"start":{"line":32,"column":42},"end":{"line":59,"column":null}},"line":32},"4":{"name":"(anonymous_4)","decl":{"start":{"line":52,"column":6},"end":{"line":52,"column":23}},"loc":{"start":{"line":52,"column":23},"end":{"line":55,"column":9}},"line":52}},"branchMap":{"0":{"loc":{"start":{"line":35,"column":6},"end":{"line":37,"column":null}},"type":"if","locations":[{"start":{"line":35,"column":6},"end":{"line":37,"column":null}},{"start":{},"end":{}}],"line":35},"1":{"loc":{"start":{"line":35,"column":10},"end":{"line":35,"column":45}},"type":"binary-expr","locations":[{"start":{"line":35,"column":10},"end":{"line":35,"column":23}},{"start":{"line":35,"column":23},"end":{"line":35,"column":45}}],"line":35},"2":{"loc":{"start":{"line":123,"column":7},"end":{"line":123,"column":null}},"type":"cond-expr","locations":[{"start":{"line":123,"column":22},"end":{"line":123,"column":72}},{"start":{"line":123,"column":71},"end":{"line":123,"column":null}}],"line":123}},"s":{"0":1,"1":4,"2":4,"3":12,"4":4,"5":12,"6":4,"7":4,"8":0,"9":0,"10":0,"11":0,"12":0,"13":0,"14":0,"15":0,"16":0,"17":0,"18":0,"19":4},"f":{"0":4,"1":12,"2":12,"3":0,"4":0},"b":{"0":[0,0],"1":[0,0],"2":[0,4]},"meta":{"lastBranch":3,"lastFunction":5,"lastStatement":20,"seen":{"s:17:6:126:Infinity":0,"f:17:6:17:26":0,"s:18:23:18:Infinity":1,"s:19:8:19:Infinity":2,"f:19:20:19:37":1,"s:19:47:19:57":3,"s:20:8:20:Infinity":4,"f:20:18:20:35":2,"s:20:45:20:58":5,"s:26:17:30:Infinity":6,"s:32:19:59:Infinity":7,"f:32:19:32:26":3,"s:33:4:58:Infinity":8,"s:34:23:34:Infinity":9,"b:35:6:37:Infinity:undefined:undefined:undefined:undefined":0,"s:35:6:37:Infinity":10,"b:35:10:35:23:35:23:35:45":1,"s:36:8:36:Infinity":11,"s:39:23:47:Infinity":12,"s:49:6:49:Infinity":13,"s:51:6:51:Infinity":14,"s:52:6:55:Infinity":15,"f:52:6:52:23":4,"s:53:8:53:Infinity":16,"s:54:8:54:Infinity":17,"s:57:6:57:Infinity":18,"s:61:2:124:Infinity":19,"b:123:22:123:72:123:71:123:Infinity":2}}}
,"/Users/yulia/REACT2026/rs-react2026-app/src/Components/Forms/Controllers/controlledCheckbox.tsx": {"path":"/Users/yulia/REACT2026/rs-react2026-app/src/Components/Forms/Controllers/controlledCheckbox.tsx","statementMap":{"0":{"start":{"line":14,"column":6},"end":{"line":41,"column":null}},"1":{"start":{"line":19,"column":21},"end":{"line":19,"column":null}},"2":{"start":{"line":21,"column":2},"end":{"line":39,"column":null}},"3":{"start":{"line":26,"column":8},"end":{"line":37,"column":null}}},"fnMap":{"0":{"name":"(anonymous_0)","decl":{"start":{"line":14,"column":6},"end":{"line":14,"column":51}},"loc":{"start":{"line":18,"column":21},"end":{"line":41,"column":null}},"line":18},"1":{"name":"(anonymous_1)","decl":{"start":{"line":25,"column":6},"end":{"line":25,"column":15}},"loc":{"start":{"line":26,"column":8},"end":{"line":37,"column":null}},"line":26}},"branchMap":{"0":{"loc":{"start":{"line":36,"column":11},"end":{"line":37,"column":null}},"type":"cond-expr","locations":[{"start":{"line":36,"column":19},"end":{"line":36,"column":63}},{"start":{"line":36,"column":62},"end":{"line":37,"column":null}}],"line":36}},"s":{"0":1,"1":4,"2":4,"3":4},"f":{"0":4,"1":4},"b":{"0":[0,4]},"meta":{"lastBranch":1,"lastFunction":2,"lastStatement":4,"seen":{"s:14:6:41:Infinity":0,"f:14:6:14:51":0,"s:19:21:19:Infinity":1,"s:21:2:39:Infinity":2,"f:25:6:25:15":1,"s:26:8:37:Infinity":3,"b:36:19:36:63:36:62:37:Infinity":0}}}
,"/Users/yulia/REACT2026/rs-react2026-app/src/Components/Forms/Controllers/controlledFile.tsx": {"path":"/Users/yulia/REACT2026/rs-react2026-app/src/Components/Forms/Controllers/controlledFile.tsx","statementMap":{"0":{"start":{"line":14,"column":6},"end":{"line":43,"column":null}},"1":{"start":{"line":19,"column":22},"end":{"line":19,"column":null}},"2":{"start":{"line":21,"column":2},"end":{"line":41,"column":null}},"3":{"start":{"line":26,"column":8},"end":{"line":39,"column":null}},"4":{"start":{"line":35,"column":31},"end":{"line":35,"column":null}}},"fnMap":{"0":{"name":"(anonymous_0)","decl":{"start":{"line":14,"column":6},"end":{"line":14,"column":47}},"loc":{"start":{"line":18,"column":21},"end":{"line":43,"column":null}},"line":18},"1":{"name":"(anonymous_1)","decl":{"start":{"line":25,"column":6},"end":{"line":25,"column":15}},"loc":{"start":{"line":26,"column":8},"end":{"line":39,"column":null}},"line":26},"2":{"name":"(anonymous_2)","decl":{"start":{"line":35,"column":14},"end":{"line":35,"column":25}},"loc":{"start":{"line":35,"column":31},"end":{"line":35,"column":null}},"line":35}},"branchMap":{"0":{"loc":{"start":{"line":38,"column":11},"end":{"line":39,"column":null}},"type":"cond-expr","locations":[{"start":{"line":38,"column":19},"end":{"line":38,"column":63}},{"start":{"line":38,"column":62},"end":{"line":39,"column":null}}],"line":38}},"s":{"0":1,"1":4,"2":4,"3":4,"4":0},"f":{"0":4,"1":4,"2":0},"b":{"0":[0,4]},"meta":{"lastBranch":1,"lastFunction":3,"lastStatement":5,"seen":{"s:14:6:43:Infinity":0,"f:14:6:14:47":0,"s:19:22:19:Infinity":1,"s:21:2:41:Infinity":2,"f:25:6:25:15":1,"s:26:8:39:Infinity":3,"f:35:14:35:25":2,"s:35:31:35:Infinity":4,"b:38:19:38:63:38:62:39:Infinity":0}}}
,"/Users/yulia/REACT2026/rs-react2026-app/src/Components/Forms/Controllers/controlledGender.tsx": {"path":"/Users/yulia/REACT2026/rs-react2026-app/src/Components/Forms/Controllers/controlledGender.tsx","statementMap":{"0":{"start":{"line":14,"column":6},"end":{"line":55,"column":null}},"1":{"start":{"line":18,"column":19},"end":{"line":18,"column":null}},"2":{"start":{"line":19,"column":22},"end":{"line":19,"column":null}},"3":{"start":{"line":20,"column":24},"end":{"line":20,"column":null}},"4":{"start":{"line":22,"column":2},"end":{"line":53,"column":null}},"5":{"start":{"line":27,"column":8},"end":{"line":51,"column":null}},"6":{"start":{"line":36,"column":30},"end":{"line":36,"column":null}},"7":{"start":{"line":47,"column":30},"end":{"line":47,"column":null}}},"fnMap":{"0":{"name":"(anonymous_0)","decl":{"start":{"line":14,"column":6},"end":{"line":14,"column":49}},"loc":{"start":{"line":17,"column":36},"end":{"line":55,"column":null}},"line":17},"1":{"name":"(anonymous_1)","decl":{"start":{"line":26,"column":6},"end":{"line":26,"column":15}},"loc":{"start":{"line":27,"column":8},"end":{"line":51,"column":null}},"line":27},"2":{"name":"(anonymous_2)","decl":{"start":{"line":36,"column":14},"end":{"line":36,"column":30}},"loc":{"start":{"line":36,"column":30},"end":{"line":36,"column":null}},"line":36},"3":{"name":"(anonymous_3)","decl":{"start":{"line":47,"column":14},"end":{"line":47,"column":30}},"loc":{"start":{"line":47,"column":30},"end":{"line":47,"column":null}},"line":47}},"branchMap":{"0":{"loc":{"start":{"line":50,"column":11},"end":{"line":50,"column":null}},"type":"cond-expr","locations":[{"start":{"line":50,"column":19},"end":{"line":50,"column":63}},{"start":{"line":50,"column":62},"end":{"line":50,"column":null}}],"line":50}},"s":{"0":1,"1":4,"2":4,"3":4,"4":4,"5":4,"6":0,"7":0},"f":{"0":4,"1":4,"2":0,"3":0},"b":{"0":[0,4]},"meta":{"lastBranch":1,"lastFunction":4,"lastStatement":8,"seen":{"s:14:6:55:Infinity":0,"f:14:6:14:49":0,"s:18:19:18:Infinity":1,"s:19:22:19:Infinity":2,"s:20:24:20:Infinity":3,"s:22:2:53:Infinity":4,"f:26:6:26:15":1,"s:27:8:51:Infinity":5,"f:36:14:36:30":2,"s:36:30:36:Infinity":6,"f:47:14:47:30":3,"s:47:30:47:Infinity":7,"b:50:19:50:63:50:62:50:Infinity":0}}}
,"/Users/yulia/REACT2026/rs-react2026-app/src/Components/Forms/Controllers/controlledInput.tsx": {"path":"/Users/yulia/REACT2026/rs-react2026-app/src/Components/Forms/Controllers/controlledInput.tsx","statementMap":{"0":{"start":{"line":15,"column":6},"end":{"line":45,"column":null}},"1":{"start":{"line":22,"column":18},"end":{"line":22,"column":null}},"2":{"start":{"line":24,"column":2},"end":{"line":43,"column":null}},"3":{"start":{"line":29,"column":8},"end":{"line":41,"column":null}}},"fnMap":{"0":{"name":"(anonymous_0)","decl":{"start":{"line":15,"column":6},"end":{"line":15,"column":48}},"loc":{"start":{"line":21,"column":31},"end":{"line":45,"column":null}},"line":21},"1":{"name":"(anonymous_1)","decl":{"start":{"line":28,"column":6},"end":{"line":28,"column":15}},"loc":{"start":{"line":29,"column":8},"end":{"line":41,"column":null}},"line":29}},"branchMap":{"0":{"loc":{"start":{"line":19,"column":2},"end":{"line":19,"column":null}},"type":"default-arg","locations":[{"start":{"line":19,"column":14},"end":{"line":19,"column":null}}],"line":19},"1":{"loc":{"start":{"line":37,"column":21},"end":{"line":37,"column":null}},"type":"binary-expr","locations":[{"start":{"line":37,"column":21},"end":{"line":37,"column":36}},{"start":{"line":37,"column":36},"end":{"line":37,"column":null}}],"line":37},"2":{"loc":{"start":{"line":40,"column":11},"end":{"line":41,"column":null}},"type":"cond-expr","locations":[{"start":{"line":40,"column":19},"end":{"line":40,"column":63}},{"start":{"line":40,"column":62},"end":{"line":41,"column":null}}],"line":40}},"s":{"0":1,"1":12,"2":12,"3":14},"f":{"0":12,"1":14},"b":{"0":[12],"1":[14,12],"2":[1,13]},"meta":{"lastBranch":3,"lastFunction":2,"lastStatement":4,"seen":{"s:15:6:45:Infinity":0,"f:15:6:15:48":0,"b:19:14:19:Infinity":0,"s:22:18:22:Infinity":1,"s:24:2:43:Infinity":2,"f:28:6:28:15":1,"s:29:8:41:Infinity":3,"b:37:21:37:36:37:36:37:Infinity":1,"b:40:19:40:63:40:62:41:Infinity":2}}}
,"/Users/yulia/REACT2026/rs-react2026-app/src/Components/Forms/Controllers/controlledPassword.tsx": {"path":"/Users/yulia/REACT2026/rs-react2026-app/src/Components/Forms/Controllers/controlledPassword.tsx","statementMap":{"0":{"start":{"line":26,"column":23},"end":{"line":26,"column":null}},"1":{"start":{"line":27,"column":21},"end":{"line":27,"column":null}},"2":{"start":{"line":29,"column":2},"end":{"line":60,"column":null}},"3":{"start":{"line":34,"column":8},"end":{"line":58,"column":null}},"4":{"start":{"line":52,"column":29},"end":{"line":52,"column":null}}},"fnMap":{"0":{"name":"ControlledPassword","decl":{"start":{"line":19,"column":16},"end":{"line":19,"column":58}},"loc":{"start":{"line":25,"column":31},"end":{"line":62,"column":null}},"line":25},"1":{"name":"(anonymous_1)","decl":{"start":{"line":33,"column":6},"end":{"line":33,"column":15}},"loc":{"start":{"line":34,"column":8},"end":{"line":58,"column":null}},"line":34},"2":{"name":"(anonymous_2)","decl":{"start":{"line":52,"column":14},"end":{"line":52,"column":29}},"loc":{"start":{"line":52,"column":29},"end":{"line":52,"column":null}},"line":52}},"branchMap":{"0":{"loc":{"start":{"line":24,"column":2},"end":{"line":24,"column":null}},"type":"default-arg","locations":[{"start":{"line":24,"column":17},"end":{"line":24,"column":null}}],"line":24},"1":{"loc":{"start":{"line":35,"column":11},"end":{"line":36,"column":null}},"type":"binary-expr","locations":[{"start":{"line":35,"column":11},"end":{"line":35,"column":null}},{"start":{"line":36,"column":12},"end":{"line":36,"column":null}}],"line":35},"2":{"loc":{"start":{"line":36,"column":45},"end":{"line":36,"column":65}},"type":"binary-expr","locations":[{"start":{"line":36,"column":45},"end":{"line":36,"column":60}},{"start":{"line":36,"column":60},"end":{"line":36,"column":65}}],"line":36},"3":{"loc":{"start":{"line":43,"column":21},"end":{"line":43,"column":null}},"type":"binary-expr","locations":[{"start":{"line":43,"column":21},"end":{"line":43,"column":36}},{"start":{"line":43,"column":36},"end":{"line":43,"column":null}}],"line":43},"4":{"loc":{"start":{"line":44,"column":20},"end":{"line":44,"column":null}},"type":"cond-expr","locations":[{"start":{"line":44,"column":35},"end":{"line":44,"column":44}},{"start":{"line":44,"column":44},"end":{"line":44,"column":null}}],"line":44},"5":{"loc":{"start":{"line":54,"column":15},"end":{"line":54,"column":null}},"type":"cond-expr","locations":[{"start":{"line":54,"column":30},"end":{"line":54,"column":48}},{"start":{"line":54,"column":47},"end":{"line":54,"column":null}}],"line":54},"6":{"loc":{"start":{"line":57,"column":11},"end":{"line":57,"column":null}},"type":"binary-expr","locations":[{"start":{"line":57,"column":11},"end":{"line":57,"column":20}},{"start":{"line":57,"column":20},"end":{"line":57,"column":null}}],"line":57}},"s":{"0":8,"1":8,"2":8,"3":8,"4":0},"f":{"0":8,"1":8,"2":0},"b":{"0":[8],"1":[8,4],"2":[4,4],"3":[8,8],"4":[0,8],"5":[0,8],"6":[8,0]},"meta":{"lastBranch":7,"lastFunction":3,"lastStatement":5,"seen":{"f:19:16:19:58":0,"b:24:17:24:Infinity":0,"s:26:23:26:Infinity":0,"s:27:21:27:Infinity":1,"s:29:2:60:Infinity":2,"f:33:6:33:15":1,"s:34:8:58:Infinity":3,"b:35:11:35:Infinity:36:12:36:Infinity":1,"b:36:45:36:60:36:60:36:65":2,"b:43:21:43:36:43:36:43:Infinity":3,"b:44:35:44:44:44:44:44:Infinity":4,"f:52:14:52:29":2,"s:52:29:52:Infinity":4,"b:54:30:54:48:54:47:54:Infinity":5,"b:57:11:57:20:57:20:57:Infinity":6}}}
,"/Users/yulia/REACT2026/rs-react2026-app/src/Components/Forms/Controllers/controlledSelect.tsx": {"path":"/Users/yulia/REACT2026/rs-react2026-app/src/Components/Forms/Controllers/controlledSelect.tsx","statementMap":{"0":{"start":{"line":16,"column":6},"end":{"line":92,"column":null}},"1":{"start":{"line":22,"column":21},"end":{"line":22,"column":null}},"2":{"start":{"line":23,"column":17},"end":{"line":23,"column":null}},"3":{"start":{"line":24,"column":25},"end":{"line":24,"column":null}},"4":{"start":{"line":26,"column":8},"end":{"line":26,"column":null}},"5":{"start":{"line":28,"column":21},"end":{"line":28,"column":null}},"6":{"start":{"line":30,"column":2},"end":{"line":90,"column":null}},"7":{"start":{"line":35,"column":14},"end":{"line":40,"column":null}},"8":{"start":{"line":36,"column":22},"end":{"line":36,"column":null}},"9":{"start":{"line":37,"column":10},"end":{"line":37,"column":null}},"10":{"start":{"line":38,"column":10},"end":{"line":38,"column":null}},"11":{"start":{"line":39,"column":10},"end":{"line":39,"column":null}},"12":{"start":{"line":42,"column":14},"end":{"line":45,"column":null}},"13":{"start":{"line":43,"column":10},"end":{"line":43,"column":null}},"14":{"start":{"line":44,"column":10},"end":{"line":44,"column":null}},"15":{"start":{"line":47,"column":32},"end":{"line":51,"column":null}},"16":{"start":{"line":49,"column":14},"end":{"line":49,"column":null}},"17":{"start":{"line":53,"column":8},"end":{"line":87,"column":null}},"18":{"start":{"line":65,"column":18},"end":{"line":68,"column":null}},"19":{"start":{"line":66,"column":20},"end":{"line":66,"column":null}},"20":{"start":{"line":67,"column":20},"end":{"line":67,"column":null}},"21":{"start":{"line":75,"column":20},"end":{"line":81,"column":null}},"22":{"start":{"line":77,"column":37},"end":{"line":77,"column":null}}},"fnMap":{"0":{"name":"(anonymous_0)","decl":{"start":{"line":16,"column":6},"end":{"line":16,"column":55}},"loc":{"start":{"line":21,"column":28},"end":{"line":92,"column":null}},"line":21},"1":{"name":"(anonymous_1)","decl":{"start":{"line":34,"column":6},"end":{"line":34,"column":15}},"loc":{"start":{"line":34,"column":66},"end":{"line":89,"column":null}},"line":34},"2":{"name":"(anonymous_2)","decl":{"start":{"line":35,"column":14},"end":{"line":35,"column":35}},"loc":{"start":{"line":35,"column":78},"end":{"line":40,"column":null}},"line":35},"3":{"name":"(anonymous_3)","decl":{"start":{"line":42,"column":14},"end":{"line":42,"column":30}},"loc":{"start":{"line":42,"column":49},"end":{"line":45,"column":null}},"line":42},"4":{"name":"(anonymous_4)","decl":{"start":{"line":48,"column":20},"end":{"line":48,"column":28}},"loc":{"start":{"line":49,"column":14},"end":{"line":49,"column":null}},"line":49},"5":{"name":"(anonymous_5)","decl":{"start":{"line":64,"column":16},"end":{"line":64,"column":null}},"loc":{"start":{"line":65,"column":18},"end":{"line":68,"column":null}},"line":65},"6":{"name":"(anonymous_6)","decl":{"start":{"line":65,"column":18},"end":{"line":65,"column":35}},"loc":{"start":{"line":65,"column":35},"end":{"line":68,"column":21}},"line":65},"7":{"name":"(anonymous_7)","decl":{"start":{"line":74,"column":35},"end":{"line":74,"column":40}},"loc":{"start":{"line":75,"column":20},"end":{"line":81,"column":null}},"line":75},"8":{"name":"(anonymous_8)","decl":{"start":{"line":77,"column":22},"end":{"line":77,"column":37}},"loc":{"start":{"line":77,"column":37},"end":{"line":77,"column":null}},"line":77}},"branchMap":{"0":{"loc":{"start":{"line":26,"column":8},"end":{"line":26,"column":null}},"type":"binary-expr","locations":[{"start":{"line":26,"column":8},"end":{"line":26,"column":51}},{"start":{"line":26,"column":51},"end":{"line":26,"column":null}}],"line":26},"1":{"loc":{"start":{"line":28,"column":21},"end":{"line":28,"column":null}},"type":"cond-expr","locations":[{"start":{"line":28,"column":30},"end":{"line":28,"column":43}},{"start":{"line":28,"column":43},"end":{"line":28,"column":null}}],"line":28},"2":{"loc":{"start":{"line":47,"column":32},"end":{"line":51,"column":null}},"type":"cond-expr","locations":[{"start":{"line":48,"column":12},"end":{"line":50,"column":null}},{"start":{"line":51,"column":12},"end":{"line":51,"column":null}}],"line":47},"3":{"loc":{"start":{"line":72,"column":15},"end":{"line":83,"column":null}},"type":"binary-expr","locations":[{"start":{"line":72,"column":15},"end":{"line":72,"column":25}},{"start":{"line":72,"column":25},"end":{"line":72,"column":null}},{"start":{"line":73,"column":16},"end":{"line":83,"column":null}}],"line":72},"4":{"loc":{"start":{"line":86,"column":13},"end":{"line":87,"column":null}},"type":"cond-expr","locations":[{"start":{"line":86,"column":21},"end":{"line":86,"column":65}},{"start":{"line":86,"column":64},"end":{"line":87,"column":null}}],"line":86}},"s":{"0":1,"1":4,"2":4,"3":4,"4":4,"5":4,"6":4,"7":4,"8":0,"9":0,"10":0,"11":0,"12":4,"13":0,"14":0,"15":4,"16":0,"17":4,"18":0,"19":0,"20":0,"21":0,"22":0},"f":{"0":4,"1":4,"2":0,"3":0,"4":0,"5":0,"6":0,"7":0,"8":0},"b":{"0":[4,4],"1":[0,4],"2":[0,4],"3":[4,0,0],"4":[0,4]},"meta":{"lastBranch":5,"lastFunction":9,"lastStatement":23,"seen":{"s:16:6:92:Infinity":0,"f:16:6:16:55":0,"s:22:21:22:Infinity":1,"s:23:17:23:Infinity":2,"s:24:25:24:Infinity":3,"s:26:8:26:Infinity":4,"b:26:8:26:51:26:51:26:Infinity":0,"s:28:21:28:Infinity":5,"b:28:30:28:43:28:43:28:Infinity":1,"s:30:2:90:Infinity":6,"f:34:6:34:15":1,"s:35:14:40:Infinity":7,"f:35:14:35:35":2,"s:36:22:36:Infinity":8,"s:37:10:37:Infinity":9,"s:38:10:38:Infinity":10,"s:39:10:39:Infinity":11,"s:42:14:45:Infinity":12,"f:42:14:42:30":3,"s:43:10:43:Infinity":13,"s:44:10:44:Infinity":14,"s:47:32:51:Infinity":15,"b:48:12:50:Infinity:51:12:51:Infinity":2,"f:48:20:48:28":4,"s:49:14:49:Infinity":16,"s:53:8:87:Infinity":17,"f:64:16:64:Infinity":5,"s:65:18:68:Infinity":18,"f:65:18:65:35":6,"s:66:20:66:Infinity":19,"s:67:20:67:Infinity":20,"b:72:15:72:25:72:25:72:Infinity:73:16:83:Infinity":3,"f:74:35:74:40":7,"s:75:20:81:Infinity":21,"f:77:22:77:37":8,"s:77:37:77:Infinity":22,"b:86:21:86:65:86:64:87:Infinity":4}}}
,"/Users/yulia/REACT2026/rs-react2026-app/src/Components/Forms/Input/input.tsx": {"path":"/Users/yulia/REACT2026/rs-react2026-app/src/Components/Forms/Input/input.tsx","statementMap":{"0":{"start":{"line":8,"column":13},"end":{"line":28,"column":null}},"1":{"start":{"line":10,"column":10},"end":{"line":10,"column":null}},"2":{"start":{"line":11,"column":20},"end":{"line":11,"column":null}},"3":{"start":{"line":13,"column":4},"end":{"line":25,"column":null}},"4":{"start":{"line":30,"column":0},"end":{"line":30,"column":null}}},"fnMap":{"0":{"name":"(anonymous_0)","decl":{"start":{"line":8,"column":21},"end":{"line":8,"column":null}},"loc":{"start":{"line":9,"column":55},"end":{"line":27,"column":null}},"line":9}},"branchMap":{"0":{"loc":{"start":{"line":9,"column":19},"end":{"line":9,"column":35}},"type":"default-arg","locations":[{"start":{"line":9,"column":31},"end":{"line":9,"column":35}}],"line":9},"1":{"loc":{"start":{"line":11,"column":20},"end":{"line":11,"column":null}},"type":"binary-expr","locations":[{"start":{"line":11,"column":20},"end":{"line":11,"column":32}},{"start":{"line":11,"column":32},"end":{"line":11,"column":null}}],"line":11},"2":{"loc":{"start":{"line":24,"column":9},"end":{"line":25,"column":null}},"type":"cond-expr","locations":[{"start":{"line":24,"column":17},"end":{"line":24,"column":53}},{"start":{"line":24,"column":52},"end":{"line":25,"column":null}}],"line":24}},"s":{"0":1,"1":9,"2":9,"3":9,"4":1},"f":{"0":9},"b":{"0":[9],"1":[9,9],"2":[3,6]},"meta":{"lastBranch":3,"lastFunction":1,"lastStatement":5,"seen":{"s:8:13:28:Infinity":0,"f:8:21:8:Infinity":0,"b:9:31:9:35":0,"s:10:10:10:Infinity":1,"s:11:20:11:Infinity":2,"b:11:20:11:32:11:32:11:Infinity":1,"s:13:4:25:Infinity":3,"b:24:17:24:53:24:52:25:Infinity":2,"s:30:0:30:Infinity":4}}}
,"/Users/yulia/REACT2026/rs-react2026-app/src/Components/PasswordStreingth/passwordStreigth.tsx": {"path":"/Users/yulia/REACT2026/rs-react2026-app/src/Components/PasswordStreingth/passwordStreigth.tsx","statementMap":{"0":{"start":{"line":7,"column":6},"end":{"line":36,"column":null}},"1":{"start":{"line":8,"column":20},"end":{"line":8,"column":null}},"2":{"start":{"line":9,"column":19},"end":{"line":9,"column":null}},"3":{"start":{"line":10,"column":19},"end":{"line":10,"column":null}},"4":{"start":{"line":11,"column":21},"end":{"line":11,"column":null}},"5":{"start":{"line":13,"column":24},"end":{"line":15,"column":null}},"6":{"start":{"line":17,"column":8},"end":{"line":23,"column":null}},"7":{"start":{"line":18,"column":4},"end":{"line":18,"column":null}},"8":{"start":{"line":18,"column":21},"end":{"line":18,"column":null}},"9":{"start":{"line":19,"column":4},"end":{"line":19,"column":null}},"10":{"start":{"line":19,"column":21},"end":{"line":19,"column":null}},"11":{"start":{"line":20,"column":4},"end":{"line":20,"column":null}},"12":{"start":{"line":20,"column":21},"end":{"line":20,"column":null}},"13":{"start":{"line":21,"column":4},"end":{"line":21,"column":null}},"14":{"start":{"line":21,"column":21},"end":{"line":21,"column":null}},"15":{"start":{"line":22,"column":4},"end":{"line":22,"column":null}},"16":{"start":{"line":25,"column":2},"end":{"line":34,"column":null}}},"fnMap":{"0":{"name":"(anonymous_0)","decl":{"start":{"line":7,"column":6},"end":{"line":7,"column":26}},"loc":{"start":{"line":7,"column":71},"end":{"line":36,"column":null}},"line":7},"1":{"name":"(anonymous_1)","decl":{"start":{"line":17,"column":8},"end":{"line":17,"column":28}},"loc":{"start":{"line":17,"column":46},"end":{"line":23,"column":null}},"line":17}},"branchMap":{"0":{"loc":{"start":{"line":18,"column":4},"end":{"line":18,"column":null}},"type":"if","locations":[{"start":{"line":18,"column":4},"end":{"line":18,"column":null}},{"start":{},"end":{}}],"line":18},"1":{"loc":{"start":{"line":19,"column":4},"end":{"line":19,"column":null}},"type":"if","locations":[{"start":{"line":19,"column":4},"end":{"line":19,"column":null}},{"start":{},"end":{}}],"line":19},"2":{"loc":{"start":{"line":20,"column":4},"end":{"line":20,"column":null}},"type":"if","locations":[{"start":{"line":20,"column":4},"end":{"line":20,"column":null}},{"start":{},"end":{}}],"line":20},"3":{"loc":{"start":{"line":21,"column":4},"end":{"line":21,"column":null}},"type":"if","locations":[{"start":{"line":21,"column":4},"end":{"line":21,"column":null}},{"start":{},"end":{}}],"line":21}},"s":{"0":2,"1":7,"2":7,"3":7,"4":7,"5":7,"6":7,"7":7,"8":0,"9":7,"10":0,"11":7,"12":0,"13":7,"14":0,"15":7,"16":7},"f":{"0":7,"1":7},"b":{"0":[0,7],"1":[0,7],"2":[0,7],"3":[0,7]},"meta":{"lastBranch":4,"lastFunction":2,"lastStatement":17,"seen":{"s:7:6:36:Infinity":0,"f:7:6:7:26":0,"s:8:20:8:Infinity":1,"s:9:19:9:Infinity":2,"s:10:19:10:Infinity":3,"s:11:21:11:Infinity":4,"s:13:24:15:Infinity":5,"s:17:8:23:Infinity":6,"f:17:8:17:28":1,"b:18:4:18:Infinity:undefined:undefined:undefined:undefined":0,"s:18:4:18:Infinity":7,"s:18:21:18:Infinity":8,"b:19:4:19:Infinity:undefined:undefined:undefined:undefined":1,"s:19:4:19:Infinity":9,"s:19:21:19:Infinity":10,"b:20:4:20:Infinity:undefined:undefined:undefined:undefined":2,"s:20:4:20:Infinity":11,"s:20:21:20:Infinity":12,"b:21:4:21:Infinity:undefined:undefined:undefined:undefined":3,"s:21:4:21:Infinity":13,"s:21:21:21:Infinity":14,"s:22:4:22:Infinity":15,"s:25:2:34:Infinity":16}}}
,"/Users/yulia/REACT2026/rs-react2026-app/src/Store/useCountryStore.ts": {"path":"/Users/yulia/REACT2026/rs-react2026-app/src/Store/useCountryStore.ts","statementMap":{"0":{"start":{"line":4,"column":13},"end":{"line":19,"column":null}},"1":{"start":{"line":4,"column":59},"end":{"line":19,"column":2}},"2":{"start":{"line":16,"column":4},"end":{"line":18,"column":null}},"3":{"start":{"line":16,"column":20},"end":{"line":18,"column":6}}},"fnMap":{"0":{"name":"(anonymous_0)","decl":{"start":{"line":4,"column":31},"end":{"line":4,"column":50}},"loc":{"start":{"line":4,"column":59},"end":{"line":19,"column":2}},"line":4},"1":{"name":"(anonymous_1)","decl":{"start":{"line":15,"column":2},"end":{"line":15,"column":12}},"loc":{"start":{"line":16,"column":4},"end":{"line":18,"column":null}},"line":16},"2":{"name":"(anonymous_2)","decl":{"start":{"line":16,"column":4},"end":{"line":16,"column":9}},"loc":{"start":{"line":16,"column":20},"end":{"line":18,"column":6}},"line":16}},"branchMap":{},"s":{"0":2,"1":2,"2":0,"3":0},"f":{"0":2,"1":0,"2":0},"b":{},"meta":{"lastBranch":0,"lastFunction":3,"lastStatement":4,"seen":{"s:4:13:19:Infinity":0,"f:4:31:4:50":0,"s:4:59:19:2":1,"f:15:2:15:12":1,"s:16:4:18:Infinity":2,"f:16:4:16:9":2,"s:16:20:18:6":3}}}
,"/Users/yulia/REACT2026/rs-react2026-app/src/helpers/converFile.tsx": {"path":"/Users/yulia/REACT2026/rs-react2026-app/src/helpers/converFile.tsx","statementMap":{"0":{"start":{"line":1,"column":6},"end":{"line":8,"column":null}},"1":{"start":{"line":2,"column":2},"end":{"line":7,"column":null}},"2":{"start":{"line":3,"column":19},"end":{"line":3,"column":null}},"3":{"start":{"line":4,"column":4},"end":{"line":4,"column":null}},"4":{"start":{"line":5,"column":4},"end":{"line":5,"column":null}},"5":{"start":{"line":5,"column":26},"end":{"line":5,"column":null}},"6":{"start":{"line":6,"column":4},"end":{"line":6,"column":null}},"7":{"start":{"line":6,"column":32},"end":{"line":6,"column":null}}},"fnMap":{"0":{"name":"(anonymous_0)","decl":{"start":{"line":1,"column":6},"end":{"line":1,"column":29}},"loc":{"start":{"line":1,"column":61},"end":{"line":8,"column":null}},"line":1},"1":{"name":"(anonymous_1)","decl":{"start":{"line":2,"column":13},"end":{"line":2,"column":22}},"loc":{"start":{"line":2,"column":42},"end":{"line":7,"column":3}},"line":2},"2":{"name":"(anonymous_2)","decl":{"start":{"line":5,"column":11},"end":{"line":5,"column":26}},"loc":{"start":{"line":5,"column":26},"end":{"line":5,"column":null}},"line":5},"3":{"name":"(anonymous_3)","decl":{"start":{"line":6,"column":11},"end":{"line":6,"column":22}},"loc":{"start":{"line":6,"column":32},"end":{"line":6,"column":null}},"line":6}},"branchMap":{},"s":{"0":3,"1":2,"2":2,"3":2,"4":2,"5":1,"6":2,"7":1},"f":{"0":2,"1":2,"2":1,"3":1},"b":{},"meta":{"lastBranch":0,"lastFunction":4,"lastStatement":8,"seen":{"s:1:6:8:Infinity":0,"f:1:6:1:29":0,"s:2:2:7:Infinity":1,"f:2:13:2:22":1,"s:3:19:3:Infinity":2,"s:4:4:4:Infinity":3,"s:5:4:5:Infinity":4,"f:5:11:5:26":2,"s:5:26:5:Infinity":5,"s:6:4:6:Infinity":6,"f:6:11:6:22":3,"s:6:32:6:Infinity":7}}}
,"/Users/yulia/REACT2026/rs-react2026-app/src/helpers/schema.ts": {"path":"/Users/yulia/REACT2026/rs-react2026-app/src/helpers/schema.ts","statementMap":{"0":{"start":{"line":4,"column":40},"end":{"line":51,"column":null}},"1":{"start":{"line":20,"column":8},"end":{"line":20,"column":null}},"2":{"start":{"line":20,"column":20},"end":{"line":20,"column":null}},"3":{"start":{"line":21,"column":27},"end":{"line":21,"column":null}},"4":{"start":{"line":22,"column":8},"end":{"line":24,"column":null}},"5":{"start":{"line":23,"column":10},"end":{"line":23,"column":null}},"6":{"start":{"line":25,"column":8},"end":{"line":25,"column":null}},"7":{"start":{"line":48,"column":19},"end":{"line":48,"column":null}}},"fnMap":{"0":{"name":"(anonymous_0)","decl":{"start":{"line":19,"column":29},"end":{"line":19,"column":54}},"loc":{"start":{"line":19,"column":64},"end":{"line":26,"column":7}},"line":19},"1":{"name":"(anonymous_1)","decl":{"start":{"line":47,"column":8},"end":{"line":47,"column":null}},"loc":{"start":{"line":48,"column":19},"end":{"line":48,"column":null}},"line":48}},"branchMap":{"0":{"loc":{"start":{"line":20,"column":8},"end":{"line":20,"column":null}},"type":"if","locations":[{"start":{"line":20,"column":8},"end":{"line":20,"column":null}},{"start":{},"end":{}}],"line":20},"1":{"loc":{"start":{"line":22,"column":8},"end":{"line":24,"column":null}},"type":"if","locations":[{"start":{"line":22,"column":8},"end":{"line":24,"column":null}},{"start":{},"end":{}}],"line":22},"2":{"loc":{"start":{"line":22,"column":12},"end":{"line":22,"column":54}},"type":"binary-expr","locations":[{"start":{"line":22,"column":12},"end":{"line":22,"column":27}},{"start":{"line":22,"column":27},"end":{"line":22,"column":54}}],"line":22},"3":{"loc":{"start":{"line":48,"column":19},"end":{"line":48,"column":null}},"type":"binary-expr","locations":[{"start":{"line":48,"column":19},"end":{"line":48,"column":28}},{"start":{"line":48,"column":28},"end":{"line":48,"column":57}},{"start":{"line":48,"column":57},"end":{"line":48,"column":null}}],"line":48}},"s":{"0":3,"1":3,"2":1,"3":2,"4":2,"5":1,"6":1,"7":1},"f":{"0":3,"1":1},"b":{"0":[1,2],"1":[1,1],"2":[2,2],"3":[1,1,1]},"meta":{"lastBranch":4,"lastFunction":2,"lastStatement":8,"seen":{"s:4:40:51:Infinity":0,"f:19:29:19:54":0,"b:20:8:20:Infinity:undefined:undefined:undefined:undefined":0,"s:20:8:20:Infinity":1,"s:20:20:20:Infinity":2,"s:21:27:21:Infinity":3,"b:22:8:24:Infinity:undefined:undefined:undefined:undefined":1,"s:22:8:24:Infinity":4,"b:22:12:22:27:22:27:22:54":2,"s:23:10:23:Infinity":5,"s:25:8:25:Infinity":6,"f:47:8:47:Infinity":1,"s:48:19:48:Infinity":7,"b:48:19:48:28:48:28:48:57:48:57:48:Infinity":3}}}
,"/Users/yulia/REACT2026/rs-react2026-app/src/types/types.ts": {"path":"/Users/yulia/REACT2026/rs-react2026-app/src/types/types.ts","statementMap":{},"fnMap":{},"branchMap":{},"s":{},"f":{},"b":{},"meta":{"lastBranch":0,"lastFunction":0,"lastStatement":0,"seen":{}}}
}
