{
  "/Users/yulia/REACT2026/rs-react2026-app/src/App.tsx": {
    "path": "/Users/yulia/REACT2026/rs-react2026-app/src/App.tsx",
    "statementMap": {
      "0": {
        "start": { "line": 6, "column": 2 },
        "end": { "line": 10, "column": null }
      }
    },
    "fnMap": {
      "0": {
        "name": "App",
        "decl": {
          "start": { "line": 5, "column": 9 },
          "end": { "line": 5, "column": 15 }
        },
        "loc": {
          "start": { "line": 5, "column": 15 },
          "end": { "line": 12, "column": null }
        },
        "line": 5
      }
    },
    "branchMap": {},
    "s": { "0": 0 },
    "f": { "0": 0 },
    "b": {},
    "meta": {
      "lastBranch": 0,
      "lastFunction": 1,
      "lastStatement": 1,
      "seen": { "f:5:9:5:15": 0, "s:6:2:10:Infinity": 0 }
    }
  },
  "/Users/yulia/REACT2026/rs-react2026-app/src/main.tsx": {
    "path": "/Users/yulia/REACT2026/rs-react2026-app/src/main.tsx",
    "statementMap": {
      "0": {
        "start": { "line": 6, "column": 0 },
        "end": { "line": 10, "column": null }
      }
    },
    "fnMap": {},
    "branchMap": {},
    "s": { "0": 0 },
    "f": {},
    "b": {},
    "meta": {
      "lastBranch": 0,
      "lastFunction": 0,
      "lastStatement": 1,
      "seen": { "s:6:0:10:Infinity": 0 }
    }
  },
  "/Users/yulia/REACT2026/rs-react2026-app/src/Components/Button/button.tsx": {
    "path": "/Users/yulia/REACT2026/rs-react2026-app/src/Components/Button/button.tsx",
    "statementMap": {
      "0": {
        "start": { "line": 10, "column": 2 },
        "end": { "line": 18, "column": null }
      }
    },
    "fnMap": {
      "0": {
        "name": "Button",
        "decl": {
          "start": { "line": 4, "column": 16 },
          "end": { "line": 4, "column": 23 }
        },
        "loc": {
          "start": { "line": 9, "column": 12 },
          "end": { "line": 20, "column": null }
        },
        "line": 9
      }
    },
    "branchMap": {
      "0": {
        "loc": {
          "start": { "line": 6, "column": 2 },
          "end": { "line": 6, "column": null }
        },
        "type": "default-arg",
        "locations": [
          {
            "start": { "line": 6, "column": 9 },
            "end": { "line": 6, "column": null }
          }
        ],
        "line": 6
      },
      "1": {
        "loc": {
          "start": { "line": 7, "column": 2 },
          "end": { "line": 7, "column": null }
        },
        "type": "default-arg",
        "locations": [
          {
            "start": { "line": 7, "column": 13 },
            "end": { "line": 7, "column": null }
          }
        ],
        "line": 7
      },
      "2": {
        "loc": {
          "start": { "line": 12, "column": 34 },
          "end": { "line": 12, "column": null }
        },
        "type": "cond-expr",
        "locations": [
          {
            "start": { "line": 12, "column": 45 },
            "end": { "line": 12, "column": 58 }
          },
          {
            "start": { "line": 12, "column": 58 },
            "end": { "line": 12, "column": null }
          }
        ],
        "line": 12
      }
    },
    "s": { "0": 7 },
    "f": { "0": 7 },
    "b": { "0": [7], "1": [7], "2": [4, 3] },
    "meta": {
      "lastBranch": 3,
      "lastFunction": 1,
      "lastStatement": 1,
      "seen": {
        "f:4:16:4:23": 0,
        "b:6:9:6:Infinity": 0,
        "b:7:13:7:Infinity": 1,
        "s:10:2:18:Infinity": 0,
        "b:12:45:12:58:12:58:12:Infinity": 2
      }
    }
  },
  "/Users/yulia/REACT2026/rs-react2026-app/src/Components/Forms/formUnControl.tsx": {
    "path": "/Users/yulia/REACT2026/rs-react2026-app/src/Components/Forms/formUnControl.tsx",
    "statementMap": {
      "0": {
        "start": { "line": 12, "column": 6 },
        "end": { "line": 268, "column": null }
      },
      "1": {
        "start": { "line": 14, "column": 23 },
        "end": { "line": 14, "column": null }
      },
      "2": {
        "start": { "line": 15, "column": 23 },
        "end": { "line": 15, "column": null }
      },
      "3": {
        "start": { "line": 16, "column": 17 },
        "end": { "line": 16, "column": null }
      },
      "4": {
        "start": { "line": 18, "column": 8 },
        "end": { "line": 18, "column": null }
      },
      "5": {
        "start": { "line": 18, "column": 47 },
        "end": { "line": 18, "column": 57 }
      },
      "6": {
        "start": { "line": 19, "column": 8 },
        "end": { "line": 19, "column": null }
      },
      "7": {
        "start": { "line": 19, "column": 45 },
        "end": { "line": 19, "column": 58 }
      },
      "8": {
        "start": { "line": 20, "column": 28 },
        "end": { "line": 20, "column": null }
      },
      "9": {
        "start": { "line": 22, "column": 24 },
        "end": { "line": 22, "column": null }
      },
      "10": {
        "start": { "line": 24, "column": 8 },
        "end": { "line": 24, "column": null }
      },
      "11": {
        "start": { "line": 25, "column": 8 },
        "end": { "line": 25, "column": null }
      },
      "12": {
        "start": { "line": 26, "column": 8 },
        "end": { "line": 26, "column": null }
      },
      "13": {
        "start": { "line": 27, "column": 8 },
        "end": { "line": 27, "column": null }
      },
      "14": {
        "start": { "line": 28, "column": 8 },
        "end": { "line": 28, "column": null }
      },
      "15": {
        "start": { "line": 29, "column": 8 },
        "end": { "line": 29, "column": null }
      },
      "16": {
        "start": { "line": 30, "column": 8 },
        "end": { "line": 30, "column": null }
      },
      "17": {
        "start": { "line": 31, "column": 8 },
        "end": { "line": 31, "column": null }
      },
      "18": {
        "start": { "line": 34, "column": 8 },
        "end": { "line": 44, "column": null }
      },
      "19": {
        "start": { "line": 35, "column": 18 },
        "end": { "line": 35, "column": null }
      },
      "20": {
        "start": { "line": 36, "column": 4 },
        "end": { "line": 43, "column": null }
      },
      "21": {
        "start": { "line": 37, "column": 23 },
        "end": { "line": 39, "column": null }
      },
      "22": {
        "start": { "line": 38, "column": 8 },
        "end": { "line": 38, "column": null }
      },
      "23": {
        "start": { "line": 40, "column": 6 },
        "end": { "line": 40, "column": null }
      },
      "24": {
        "start": { "line": 42, "column": 6 },
        "end": { "line": 42, "column": null }
      },
      "25": {
        "start": { "line": 46, "column": 9 },
        "end": { "line": 51, "column": null }
      },
      "26": {
        "start": { "line": 47, "column": 4 },
        "end": { "line": 49, "column": null }
      },
      "27": {
        "start": { "line": 48, "column": 6 },
        "end": { "line": 48, "column": null }
      },
      "28": {
        "start": { "line": 50, "column": 4 },
        "end": { "line": 50, "column": null }
      },
      "29": {
        "start": { "line": 53, "column": 8 },
        "end": { "line": 55, "column": null }
      },
      "30": {
        "start": { "line": 54, "column": 4 },
        "end": { "line": 54, "column": null }
      },
      "31": {
        "start": { "line": 54, "column": 30 },
        "end": { "line": 54, "column": 35 }
      },
      "32": {
        "start": { "line": 57, "column": 8 },
        "end": { "line": 59, "column": null }
      },
      "33": {
        "start": { "line": 58, "column": 4 },
        "end": { "line": 58, "column": null }
      },
      "34": {
        "start": { "line": 61, "column": 23 },
        "end": { "line": 126, "column": null }
      },
      "35": {
        "start": { "line": 62, "column": 4 },
        "end": { "line": 62, "column": null }
      },
      "36": {
        "start": { "line": 64, "column": 22 },
        "end": { "line": 64, "column": null }
      },
      "37": {
        "start": { "line": 66, "column": 27 },
        "end": { "line": 66, "column": null }
      },
      "38": {
        "start": { "line": 67, "column": 27 },
        "end": { "line": 67, "column": null }
      },
      "39": {
        "start": { "line": 69, "column": 21 },
        "end": { "line": 79, "column": null }
      },
      "40": {
        "start": { "line": 81, "column": 4 },
        "end": { "line": 125, "column": null }
      },
      "41": {
        "start": { "line": 82, "column": 6 },
        "end": { "line": 82, "column": null }
      },
      "42": {
        "start": { "line": 83, "column": 7 },
        "end": { "line": 86, "column": null }
      },
      "43": {
        "start": { "line": 83, "column": 31 },
        "end": { "line": 83, "column": 46 }
      },
      "44": {
        "start": { "line": 84, "column": 8 },
        "end": { "line": 84, "column": null }
      },
      "45": {
        "start": { "line": 85, "column": 8 },
        "end": { "line": 85, "column": null }
      },
      "46": {
        "start": { "line": 88, "column": 6 },
        "end": { "line": 88, "column": null }
      },
      "47": {
        "start": { "line": 90, "column": 24 },
        "end": { "line": 90, "column": null }
      },
      "48": {
        "start": { "line": 91, "column": 6 },
        "end": { "line": 93, "column": null }
      },
      "49": {
        "start": { "line": 92, "column": 8 },
        "end": { "line": 92, "column": null }
      },
      "50": {
        "start": { "line": 95, "column": 25 },
        "end": { "line": 103, "column": null }
      },
      "51": {
        "start": { "line": 105, "column": 6 },
        "end": { "line": 105, "column": null }
      },
      "52": {
        "start": { "line": 107, "column": 6 },
        "end": { "line": 107, "column": null }
      },
      "53": {
        "start": { "line": 109, "column": 7 },
        "end": { "line": 113, "column": null }
      },
      "54": {
        "start": { "line": 110, "column": 8 },
        "end": { "line": 110, "column": null }
      },
      "55": {
        "start": { "line": 111, "column": 8 },
        "end": { "line": 111, "column": null }
      },
      "56": {
        "start": { "line": 112, "column": 8 },
        "end": { "line": 112, "column": null }
      },
      "57": {
        "start": { "line": 116, "column": 6 },
        "end": { "line": 124, "column": null }
      },
      "58": {
        "start": { "line": 117, "column": 60 },
        "end": { "line": 117, "column": null }
      },
      "59": {
        "start": { "line": 118, "column": 8 },
        "end": { "line": 122, "column": null }
      },
      "60": {
        "start": { "line": 119, "column": 10 },
        "end": { "line": 121, "column": null }
      },
      "61": {
        "start": { "line": 120, "column": 12 },
        "end": { "line": 120, "column": null }
      },
      "62": {
        "start": { "line": 123, "column": 8 },
        "end": { "line": 123, "column": null }
      },
      "63": {
        "start": { "line": 128, "column": 2 },
        "end": { "line": 266, "column": null }
      },
      "64": {
        "start": { "line": 171, "column": 16 },
        "end": { "line": 173, "column": null }
      },
      "65": {
        "start": { "line": 171, "column": 47 },
        "end": { "line": 171, "column": 77 }
      }
    },
    "fnMap": {
      "0": {
        "name": "(anonymous_0)",
        "decl": {
          "start": { "line": 12, "column": 6 },
          "end": { "line": 12, "column": 28 }
        },
        "loc": {
          "start": { "line": 12, "column": 28 },
          "end": { "line": 268, "column": null }
        },
        "line": 12
      },
      "1": {
        "name": "(anonymous_1)",
        "decl": {
          "start": { "line": 18, "column": 20 },
          "end": { "line": 18, "column": 37 }
        },
        "loc": {
          "start": { "line": 18, "column": 47 },
          "end": { "line": 18, "column": 57 }
        },
        "line": 18
      },
      "2": {
        "name": "(anonymous_2)",
        "decl": {
          "start": { "line": 19, "column": 18 },
          "end": { "line": 19, "column": 35 }
        },
        "loc": {
          "start": { "line": 19, "column": 45 },
          "end": { "line": 19, "column": 58 }
        },
        "line": 19
      },
      "3": {
        "name": "(anonymous_3)",
        "decl": {
          "start": { "line": 34, "column": 8 },
          "end": { "line": 34, "column": 41 }
        },
        "loc": {
          "start": { "line": 34, "column": 41 },
          "end": { "line": 44, "column": null }
        },
        "line": 34
      },
      "4": {
        "name": "(anonymous_4)",
        "decl": {
          "start": { "line": 37, "column": 33 },
          "end": { "line": 37, "column": 41 }
        },
        "loc": {
          "start": { "line": 38, "column": 8 },
          "end": { "line": 38, "column": null }
        },
        "line": 38
      },
      "5": {
        "name": "(anonymous_5)",
        "decl": {
          "start": { "line": 46, "column": 9 },
          "end": { "line": 46, "column": 32 }
        },
        "loc": {
          "start": { "line": 46, "column": 52 },
          "end": { "line": 51, "column": null }
        },
        "line": 46
      },
      "6": {
        "name": "(anonymous_6)",
        "decl": {
          "start": { "line": 53, "column": 8 },
          "end": { "line": 53, "column": 41 }
        },
        "loc": {
          "start": { "line": 53, "column": 41 },
          "end": { "line": 55, "column": null }
        },
        "line": 53
      },
      "7": {
        "name": "(anonymous_7)",
        "decl": {
          "start": { "line": 54, "column": 4 },
          "end": { "line": 54, "column": 21 }
        },
        "loc": {
          "start": { "line": 54, "column": 30 },
          "end": { "line": 54, "column": 35 }
        },
        "line": 54
      },
      "8": {
        "name": "(anonymous_8)",
        "decl": {
          "start": { "line": 57, "column": 8 },
          "end": { "line": 57, "column": 37 }
        },
        "loc": {
          "start": { "line": 57, "column": 37 },
          "end": { "line": 59, "column": null }
        },
        "line": 57
      },
      "9": {
        "name": "(anonymous_9)",
        "decl": {
          "start": { "line": 61, "column": 23 },
          "end": { "line": 61, "column": 30 }
        },
        "loc": {
          "start": { "line": 61, "column": 70 },
          "end": { "line": 126, "column": null }
        },
        "line": 61
      },
      "10": {
        "name": "(anonymous_10)",
        "decl": {
          "start": { "line": 83, "column": 22 },
          "end": { "line": 83, "column": 26 }
        },
        "loc": {
          "start": { "line": 83, "column": 31 },
          "end": { "line": 83, "column": 46 }
        },
        "line": 83
      },
      "11": {
        "name": "(anonymous_11)",
        "decl": {
          "start": { "line": 109, "column": 7 },
          "end": { "line": 109, "column": 24 }
        },
        "loc": {
          "start": { "line": 109, "column": 24 },
          "end": { "line": 113, "column": 9 }
        },
        "line": 109
      },
      "12": {
        "name": "(anonymous_12)",
        "decl": {
          "start": { "line": 118, "column": 18 },
          "end": { "line": 118, "column": 27 }
        },
        "loc": {
          "start": { "line": 118, "column": 37 },
          "end": { "line": 122, "column": 9 }
        },
        "line": 118
      },
      "13": {
        "name": "(anonymous_13)",
        "decl": {
          "start": { "line": 170, "column": 33 },
          "end": { "line": 170, "column": 38 }
        },
        "loc": {
          "start": { "line": 171, "column": 16 },
          "end": { "line": 173, "column": null }
        },
        "line": 171
      },
      "14": {
        "name": "(anonymous_14)",
        "decl": {
          "start": { "line": 171, "column": 32 },
          "end": { "line": 171, "column": 47 }
        },
        "loc": {
          "start": { "line": 171, "column": 47 },
          "end": { "line": 171, "column": 77 }
        },
        "line": 171
      }
    },
    "branchMap": {
      "0": {
        "loc": {
          "start": { "line": 35, "column": 18 },
          "end": { "line": 35, "column": null }
        },
        "type": "binary-expr",
        "locations": [
          {
            "start": { "line": 35, "column": 18 },
            "end": { "line": 35, "column": 47 }
          },
          {
            "start": { "line": 35, "column": 47 },
            "end": { "line": 35, "column": null }
          }
        ],
        "line": 35
      },
      "1": {
        "loc": {
          "start": { "line": 36, "column": 4 },
          "end": { "line": 43, "column": null }
        },
        "type": "if",
        "locations": [
          {
            "start": { "line": 36, "column": 4 },
            "end": { "line": 43, "column": null }
          },
          {
            "start": { "line": 41, "column": 11 },
            "end": { "line": 43, "column": null }
          }
        ],
        "line": 36
      },
      "2": {
        "loc": {
          "start": { "line": 47, "column": 4 },
          "end": { "line": 49, "column": null }
        },
        "type": "if",
        "locations": [
          {
            "start": { "line": 47, "column": 4 },
            "end": { "line": 49, "column": null }
          },
          { "start": {}, "end": {} }
        ],
        "line": 47
      },
      "3": {
        "loc": {
          "start": { "line": 58, "column": 21 },
          "end": { "line": 58, "column": 53 }
        },
        "type": "binary-expr",
        "locations": [
          {
            "start": { "line": 58, "column": 21 },
            "end": { "line": 58, "column": 51 }
          },
          {
            "start": { "line": 58, "column": 51 },
            "end": { "line": 58, "column": 53 }
          }
        ],
        "line": 58
      },
      "4": {
        "loc": {
          "start": { "line": 67, "column": 27 },
          "end": { "line": 67, "column": null }
        },
        "type": "binary-expr",
        "locations": [
          {
            "start": { "line": 67, "column": 27 },
            "end": { "line": 67, "column": 71 }
          },
          {
            "start": { "line": 67, "column": 71 },
            "end": { "line": 67, "column": null }
          }
        ],
        "line": 67
      },
      "5": {
        "loc": {
          "start": { "line": 70, "column": 12 },
          "end": { "line": 70, "column": null }
        },
        "type": "binary-expr",
        "locations": [
          {
            "start": { "line": 70, "column": 12 },
            "end": { "line": 70, "column": 38 }
          },
          {
            "start": { "line": 70, "column": 38 },
            "end": { "line": 70, "column": null }
          }
        ],
        "line": 70
      },
      "6": {
        "loc": {
          "start": { "line": 71, "column": 11 },
          "end": { "line": 71, "column": null }
        },
        "type": "binary-expr",
        "locations": [
          {
            "start": { "line": 71, "column": 11 },
            "end": { "line": 71, "column": 44 }
          },
          {
            "start": { "line": 71, "column": 44 },
            "end": { "line": 71, "column": null }
          }
        ],
        "line": 71
      },
      "7": {
        "loc": {
          "start": { "line": 72, "column": 13 },
          "end": { "line": 72, "column": null }
        },
        "type": "binary-expr",
        "locations": [
          {
            "start": { "line": 72, "column": 13 },
            "end": { "line": 72, "column": 40 }
          },
          {
            "start": { "line": 72, "column": 40 },
            "end": { "line": 72, "column": null }
          }
        ],
        "line": 72
      },
      "8": {
        "loc": {
          "start": { "line": 73, "column": 15 },
          "end": { "line": 73, "column": null }
        },
        "type": "binary-expr",
        "locations": [
          {
            "start": { "line": 73, "column": 15 },
            "end": { "line": 73, "column": 44 }
          },
          {
            "start": { "line": 73, "column": 44 },
            "end": { "line": 73, "column": null }
          }
        ],
        "line": 73
      },
      "9": {
        "loc": {
          "start": { "line": 75, "column": 12 },
          "end": { "line": 75, "column": null }
        },
        "type": "binary-expr",
        "locations": [
          {
            "start": { "line": 75, "column": 12 },
            "end": { "line": 75, "column": 39 }
          },
          {
            "start": { "line": 75, "column": 39 },
            "end": { "line": 75, "column": null }
          }
        ],
        "line": 75
      },
      "10": {
        "loc": {
          "start": { "line": 76, "column": 13 },
          "end": { "line": 76, "column": null }
        },
        "type": "binary-expr",
        "locations": [
          {
            "start": { "line": 76, "column": 13 },
            "end": { "line": 76, "column": 42 }
          },
          {
            "start": { "line": 76, "column": 42 },
            "end": { "line": 76, "column": null }
          }
        ],
        "line": 76
      },
      "11": {
        "loc": {
          "start": { "line": 77, "column": 16 },
          "end": { "line": 77, "column": null }
        },
        "type": "binary-expr",
        "locations": [
          {
            "start": { "line": 77, "column": 16 },
            "end": { "line": 77, "column": 46 }
          },
          {
            "start": { "line": 77, "column": 46 },
            "end": { "line": 77, "column": null }
          }
        ],
        "line": 77
      },
      "12": {
        "loc": {
          "start": { "line": 78, "column": 23 },
          "end": { "line": 78, "column": null }
        },
        "type": "binary-expr",
        "locations": [
          {
            "start": { "line": 78, "column": 23 },
            "end": { "line": 78, "column": 60 }
          },
          {
            "start": { "line": 78, "column": 60 },
            "end": { "line": 78, "column": null }
          }
        ],
        "line": 78
      },
      "13": {
        "loc": {
          "start": { "line": 83, "column": 7 },
          "end": { "line": 86, "column": null }
        },
        "type": "if",
        "locations": [
          {
            "start": { "line": 83, "column": 7 },
            "end": { "line": 86, "column": null }
          },
          { "start": {}, "end": {} }
        ],
        "line": 83
      },
      "14": {
        "loc": {
          "start": { "line": 91, "column": 6 },
          "end": { "line": 93, "column": null }
        },
        "type": "if",
        "locations": [
          {
            "start": { "line": 91, "column": 6 },
            "end": { "line": 93, "column": null }
          },
          { "start": {}, "end": {} }
        ],
        "line": 91
      },
      "15": {
        "loc": {
          "start": { "line": 91, "column": 10 },
          "end": { "line": 91, "column": 53 }
        },
        "type": "binary-expr",
        "locations": [
          {
            "start": { "line": 91, "column": 10 },
            "end": { "line": 91, "column": 27 }
          },
          {
            "start": { "line": 91, "column": 27 },
            "end": { "line": 91, "column": 53 }
          }
        ],
        "line": 91
      },
      "16": {
        "loc": {
          "start": { "line": 97, "column": 13 },
          "end": { "line": 97, "column": null }
        },
        "type": "binary-expr",
        "locations": [
          {
            "start": { "line": 97, "column": 13 },
            "end": { "line": 97, "column": 29 }
          },
          {
            "start": { "line": 97, "column": 29 },
            "end": { "line": 97, "column": null }
          }
        ],
        "line": 97
      },
      "17": {
        "loc": {
          "start": { "line": 116, "column": 6 },
          "end": { "line": 124, "column": null }
        },
        "type": "if",
        "locations": [
          {
            "start": { "line": 116, "column": 6 },
            "end": { "line": 124, "column": null }
          },
          { "start": {}, "end": {} }
        ],
        "line": 116
      },
      "18": {
        "loc": {
          "start": { "line": 119, "column": 10 },
          "end": { "line": 121, "column": null }
        },
        "type": "if",
        "locations": [
          {
            "start": { "line": 119, "column": 10 },
            "end": { "line": 121, "column": null }
          },
          { "start": {}, "end": {} }
        ],
        "line": 119
      },
      "19": {
        "loc": {
          "start": { "line": 168, "column": 11 },
          "end": { "line": 175, "column": null }
        },
        "type": "binary-expr",
        "locations": [
          {
            "start": { "line": 168, "column": 11 },
            "end": { "line": 168, "column": null }
          },
          {
            "start": { "line": 169, "column": 12 },
            "end": { "line": 175, "column": null }
          }
        ],
        "line": 168
      },
      "20": {
        "loc": {
          "start": { "line": 178, "column": 9 },
          "end": { "line": 179, "column": null }
        },
        "type": "binary-expr",
        "locations": [
          {
            "start": { "line": 178, "column": 9 },
            "end": { "line": 178, "column": 27 }
          },
          {
            "start": { "line": 178, "column": 27 },
            "end": { "line": 179, "column": null }
          }
        ],
        "line": 178
      },
      "21": {
        "loc": {
          "start": { "line": 201, "column": 9 },
          "end": { "line": 202, "column": null }
        },
        "type": "binary-expr",
        "locations": [
          {
            "start": { "line": 201, "column": 9 },
            "end": { "line": 201, "column": 26 }
          },
          {
            "start": { "line": 201, "column": 26 },
            "end": { "line": 202, "column": null }
          }
        ],
        "line": 201
      },
      "22": {
        "loc": {
          "start": { "line": 214, "column": 9 },
          "end": { "line": 215, "column": null }
        },
        "type": "binary-expr",
        "locations": [
          {
            "start": { "line": 214, "column": 9 },
            "end": { "line": 214, "column": 24 }
          },
          {
            "start": { "line": 214, "column": 24 },
            "end": { "line": 215, "column": null }
          }
        ],
        "line": 214
      },
      "23": {
        "loc": {
          "start": { "line": 225, "column": 9 },
          "end": { "line": 226, "column": null }
        },
        "type": "binary-expr",
        "locations": [
          {
            "start": { "line": 225, "column": 9 },
            "end": { "line": 225, "column": 25 }
          },
          {
            "start": { "line": 225, "column": 25 },
            "end": { "line": 226, "column": null }
          }
        ],
        "line": 225
      },
      "24": {
        "loc": {
          "start": { "line": 235, "column": 18 },
          "end": { "line": 235, "column": null }
        },
        "type": "cond-expr",
        "locations": [
          {
            "start": { "line": 235, "column": 33 },
            "end": { "line": 235, "column": 42 }
          },
          {
            "start": { "line": 235, "column": 42 },
            "end": { "line": 235, "column": null }
          }
        ],
        "line": 235
      },
      "25": {
        "loc": {
          "start": { "line": 241, "column": 13 },
          "end": { "line": 241, "column": null }
        },
        "type": "cond-expr",
        "locations": [
          {
            "start": { "line": 241, "column": 28 },
            "end": { "line": 241, "column": 46 }
          },
          {
            "start": { "line": 241, "column": 45 },
            "end": { "line": 241, "column": null }
          }
        ],
        "line": 241
      },
      "26": {
        "loc": {
          "start": { "line": 244, "column": 9 },
          "end": { "line": 244, "column": null }
        },
        "type": "binary-expr",
        "locations": [
          {
            "start": { "line": 244, "column": 9 },
            "end": { "line": 244, "column": 28 }
          },
          {
            "start": { "line": 244, "column": 28 },
            "end": { "line": 244, "column": null }
          }
        ],
        "line": 244
      },
      "27": {
        "loc": {
          "start": { "line": 253, "column": 18 },
          "end": { "line": 253, "column": null }
        },
        "type": "cond-expr",
        "locations": [
          {
            "start": { "line": 253, "column": 33 },
            "end": { "line": 253, "column": 42 }
          },
          {
            "start": { "line": 253, "column": 42 },
            "end": { "line": 253, "column": null }
          }
        ],
        "line": 253
      },
      "28": {
        "loc": {
          "start": { "line": 258, "column": 13 },
          "end": { "line": 258, "column": null }
        },
        "type": "cond-expr",
        "locations": [
          {
            "start": { "line": 258, "column": 28 },
            "end": { "line": 258, "column": 46 }
          },
          {
            "start": { "line": 258, "column": 45 },
            "end": { "line": 258, "column": null }
          }
        ],
        "line": 258
      },
      "29": {
        "loc": {
          "start": { "line": 261, "column": 9 },
          "end": { "line": 262, "column": null }
        },
        "type": "binary-expr",
        "locations": [
          {
            "start": { "line": 261, "column": 9 },
            "end": { "line": 261, "column": 35 }
          },
          {
            "start": { "line": 261, "column": 35 },
            "end": { "line": 262, "column": null }
          }
        ],
        "line": 261
      },
      "30": {
        "loc": {
          "start": { "line": 265, "column": 7 },
          "end": { "line": 265, "column": null }
        },
        "type": "cond-expr",
        "locations": [
          {
            "start": { "line": 265, "column": 22 },
            "end": { "line": 265, "column": 72 }
          },
          {
            "start": { "line": 265, "column": 71 },
            "end": { "line": 265, "column": null }
          }
        ],
        "line": 265
      }
    },
    "s": {
      "0": 1,
      "1": 3,
      "2": 3,
      "3": 3,
      "4": 3,
      "5": 9,
      "6": 3,
      "7": 9,
      "8": 3,
      "9": 3,
      "10": 3,
      "11": 3,
      "12": 3,
      "13": 3,
      "14": 3,
      "15": 3,
      "16": 3,
      "17": 3,
      "18": 3,
      "19": 0,
      "20": 0,
      "21": 0,
      "22": 0,
      "23": 0,
      "24": 0,
      "25": 3,
      "26": 0,
      "27": 0,
      "28": 0,
      "29": 3,
      "30": 0,
      "31": 0,
      "32": 3,
      "33": 0,
      "34": 3,
      "35": 1,
      "36": 1,
      "37": 1,
      "38": 1,
      "39": 1,
      "40": 1,
      "41": 1,
      "42": 0,
      "43": 0,
      "44": 0,
      "45": 0,
      "46": 0,
      "47": 0,
      "48": 0,
      "49": 0,
      "50": 0,
      "51": 1,
      "52": 1,
      "53": 1,
      "54": 0,
      "55": 0,
      "56": 0,
      "57": 1,
      "58": 1,
      "59": 1,
      "60": 16,
      "61": 16,
      "62": 1,
      "63": 3,
      "64": 0,
      "65": 0
    },
    "f": {
      "0": 3,
      "1": 9,
      "2": 9,
      "3": 0,
      "4": 0,
      "5": 0,
      "6": 0,
      "7": 0,
      "8": 0,
      "9": 1,
      "10": 0,
      "11": 0,
      "12": 16,
      "13": 0,
      "14": 0
    },
    "b": {
      "0": [0, 0],
      "1": [0, 0],
      "2": [0, 0],
      "3": [0, 0],
      "4": [1, 1],
      "5": [1, 1],
      "6": [1, 1],
      "7": [1, 1],
      "8": [1, 1],
      "9": [1, 0],
      "10": [1, 1],
      "11": [1, 1],
      "12": [1, 1],
      "13": [0, 0],
      "14": [0, 0],
      "15": [0, 0],
      "16": [0, 0],
      "17": [1, 0],
      "18": [16, 0],
      "19": [3, 0],
      "20": [3, 1],
      "21": [3, 1],
      "22": [3, 1],
      "23": [3, 1],
      "24": [0, 3],
      "25": [0, 3],
      "26": [3, 1],
      "27": [0, 3],
      "28": [0, 3],
      "29": [3, 1],
      "30": [0, 3]
    },
    "meta": {
      "lastBranch": 31,
      "lastFunction": 15,
      "lastStatement": 66,
      "seen": {
        "s:12:6:268:Infinity": 0,
        "f:12:6:12:28": 0,
        "s:14:23:14:Infinity": 1,
        "s:15:23:15:Infinity": 2,
        "s:16:17:16:Infinity": 3,
        "s:18:8:18:Infinity": 4,
        "f:18:20:18:37": 1,
        "s:18:47:18:57": 5,
        "s:19:8:19:Infinity": 6,
        "f:19:18:19:35": 2,
        "s:19:45:19:58": 7,
        "s:20:28:20:Infinity": 8,
        "s:22:24:22:Infinity": 9,
        "s:24:8:24:Infinity": 10,
        "s:25:8:25:Infinity": 11,
        "s:26:8:26:Infinity": 12,
        "s:27:8:27:Infinity": 13,
        "s:28:8:28:Infinity": 14,
        "s:29:8:29:Infinity": 15,
        "s:30:8:30:Infinity": 16,
        "s:31:8:31:Infinity": 17,
        "s:34:8:44:Infinity": 18,
        "f:34:8:34:41": 3,
        "s:35:18:35:Infinity": 19,
        "b:35:18:35:47:35:47:35:Infinity": 0,
        "b:36:4:43:Infinity:41:11:43:Infinity": 1,
        "s:36:4:43:Infinity": 20,
        "s:37:23:39:Infinity": 21,
        "f:37:33:37:41": 4,
        "s:38:8:38:Infinity": 22,
        "s:40:6:40:Infinity": 23,
        "s:42:6:42:Infinity": 24,
        "s:46:9:51:Infinity": 25,
        "f:46:9:46:32": 5,
        "b:47:4:49:Infinity:undefined:undefined:undefined:undefined": 2,
        "s:47:4:49:Infinity": 26,
        "s:48:6:48:Infinity": 27,
        "s:50:4:50:Infinity": 28,
        "s:53:8:55:Infinity": 29,
        "f:53:8:53:41": 6,
        "s:54:4:54:Infinity": 30,
        "f:54:4:54:21": 7,
        "s:54:30:54:35": 31,
        "s:57:8:59:Infinity": 32,
        "f:57:8:57:37": 8,
        "s:58:4:58:Infinity": 33,
        "b:58:21:58:51:58:51:58:53": 3,
        "s:61:23:126:Infinity": 34,
        "f:61:23:61:30": 9,
        "s:62:4:62:Infinity": 35,
        "s:64:22:64:Infinity": 36,
        "s:66:27:66:Infinity": 37,
        "s:67:27:67:Infinity": 38,
        "b:67:27:67:71:67:71:67:Infinity": 4,
        "s:69:21:79:Infinity": 39,
        "b:70:12:70:38:70:38:70:Infinity": 5,
        "b:71:11:71:44:71:44:71:Infinity": 6,
        "b:72:13:72:40:72:40:72:Infinity": 7,
        "b:73:15:73:44:73:44:73:Infinity": 8,
        "b:75:12:75:39:75:39:75:Infinity": 9,
        "b:76:13:76:42:76:42:76:Infinity": 10,
        "b:77:16:77:46:77:46:77:Infinity": 11,
        "b:78:23:78:60:78:60:78:Infinity": 12,
        "s:81:4:125:Infinity": 40,
        "s:82:6:82:Infinity": 41,
        "b:83:7:86:Infinity:undefined:undefined:undefined:undefined": 13,
        "s:83:7:86:Infinity": 42,
        "f:83:22:83:26": 10,
        "s:83:31:83:46": 43,
        "s:84:8:84:Infinity": 44,
        "s:85:8:85:Infinity": 45,
        "s:88:6:88:Infinity": 46,
        "s:90:24:90:Infinity": 47,
        "b:91:6:93:Infinity:undefined:undefined:undefined:undefined": 14,
        "s:91:6:93:Infinity": 48,
        "b:91:10:91:27:91:27:91:53": 15,
        "s:92:8:92:Infinity": 49,
        "s:95:25:103:Infinity": 50,
        "b:97:13:97:29:97:29:97:Infinity": 16,
        "s:105:6:105:Infinity": 51,
        "s:107:6:107:Infinity": 52,
        "s:109:7:113:Infinity": 53,
        "f:109:7:109:24": 11,
        "s:110:8:110:Infinity": 54,
        "s:111:8:111:Infinity": 55,
        "s:112:8:112:Infinity": 56,
        "b:116:6:124:Infinity:undefined:undefined:undefined:undefined": 17,
        "s:116:6:124:Infinity": 57,
        "s:117:60:117:Infinity": 58,
        "s:118:8:122:Infinity": 59,
        "f:118:18:118:27": 12,
        "b:119:10:121:Infinity:undefined:undefined:undefined:undefined": 18,
        "s:119:10:121:Infinity": 60,
        "s:120:12:120:Infinity": 61,
        "s:123:8:123:Infinity": 62,
        "s:128:2:266:Infinity": 63,
        "b:168:11:168:Infinity:169:12:175:Infinity": 19,
        "f:170:33:170:38": 13,
        "s:171:16:173:Infinity": 64,
        "f:171:32:171:47": 14,
        "s:171:47:171:77": 65,
        "b:178:9:178:27:178:27:179:Infinity": 20,
        "b:201:9:201:26:201:26:202:Infinity": 21,
        "b:214:9:214:24:214:24:215:Infinity": 22,
        "b:225:9:225:25:225:25:226:Infinity": 23,
        "b:235:33:235:42:235:42:235:Infinity": 24,
        "b:241:28:241:46:241:45:241:Infinity": 25,
        "b:244:9:244:28:244:28:244:Infinity": 26,
        "b:253:33:253:42:253:42:253:Infinity": 27,
        "b:258:28:258:46:258:45:258:Infinity": 28,
        "b:261:9:261:35:261:35:262:Infinity": 29,
        "b:265:22:265:72:265:71:265:Infinity": 30
      }
    }
  },
  "/Users/yulia/REACT2026/rs-react2026-app/src/Components/Forms/formUseHook.tsx": {
    "path": "/Users/yulia/REACT2026/rs-react2026-app/src/Components/Forms/formUseHook.tsx",
    "statementMap": {
      "0": {
        "start": { "line": 18, "column": 6 },
        "end": { "line": 131, "column": null }
      },
      "1": {
        "start": { "line": 19, "column": 23 },
        "end": { "line": 19, "column": null }
      },
      "2": {
        "start": { "line": 20, "column": 8 },
        "end": { "line": 20, "column": null }
      },
      "3": {
        "start": { "line": 20, "column": 47 },
        "end": { "line": 20, "column": 57 }
      },
      "4": {
        "start": { "line": 21, "column": 8 },
        "end": { "line": 21, "column": null }
      },
      "5": {
        "start": { "line": 21, "column": 45 },
        "end": { "line": 21, "column": 58 }
      },
      "6": {
        "start": { "line": 27, "column": 17 },
        "end": { "line": 31, "column": null }
      },
      "7": {
        "start": { "line": 33, "column": 19 },
        "end": { "line": 60, "column": null }
      },
      "8": {
        "start": { "line": 34, "column": 5 },
        "end": { "line": 59, "column": null }
      },
      "9": {
        "start": { "line": 35, "column": 23 },
        "end": { "line": 35, "column": null }
      },
      "10": {
        "start": { "line": 36, "column": 6 },
        "end": { "line": 38, "column": null }
      },
      "11": {
        "start": { "line": 37, "column": 8 },
        "end": { "line": 37, "column": null }
      },
      "12": {
        "start": { "line": 40, "column": 24 },
        "end": { "line": 48, "column": null }
      },
      "13": {
        "start": { "line": 50, "column": 6 },
        "end": { "line": 50, "column": null }
      },
      "14": {
        "start": { "line": 52, "column": 4 },
        "end": { "line": 52, "column": null }
      },
      "15": {
        "start": { "line": 53, "column": 4 },
        "end": { "line": 56, "column": null }
      },
      "16": {
        "start": { "line": 54, "column": 6 },
        "end": { "line": 54, "column": null }
      },
      "17": {
        "start": { "line": 55, "column": 6 },
        "end": { "line": 55, "column": null }
      },
      "18": {
        "start": { "line": 58, "column": 6 },
        "end": { "line": 58, "column": null }
      },
      "19": {
        "start": { "line": 63, "column": 2 },
        "end": { "line": 129, "column": null }
      }
    },
    "fnMap": {
      "0": {
        "name": "(anonymous_0)",
        "decl": {
          "start": { "line": 18, "column": 6 },
          "end": { "line": 18, "column": 26 }
        },
        "loc": {
          "start": { "line": 18, "column": 26 },
          "end": { "line": 131, "column": null }
        },
        "line": 18
      },
      "1": {
        "name": "(anonymous_1)",
        "decl": {
          "start": { "line": 20, "column": 20 },
          "end": { "line": 20, "column": 37 }
        },
        "loc": {
          "start": { "line": 20, "column": 47 },
          "end": { "line": 20, "column": 57 }
        },
        "line": 20
      },
      "2": {
        "name": "(anonymous_2)",
        "decl": {
          "start": { "line": 21, "column": 18 },
          "end": { "line": 21, "column": 35 }
        },
        "loc": {
          "start": { "line": 21, "column": 45 },
          "end": { "line": 21, "column": 58 }
        },
        "line": 21
      },
      "3": {
        "name": "(anonymous_3)",
        "decl": {
          "start": { "line": 33, "column": 19 },
          "end": { "line": 33, "column": 26 }
        },
        "loc": {
          "start": { "line": 33, "column": 42 },
          "end": { "line": 60, "column": null }
        },
        "line": 33
      },
      "4": {
        "name": "(anonymous_4)",
        "decl": {
          "start": { "line": 53, "column": 4 },
          "end": { "line": 53, "column": 21 }
        },
        "loc": {
          "start": { "line": 53, "column": 21 },
          "end": { "line": 56, "column": 7 }
        },
        "line": 53
      }
    },
    "branchMap": {
      "0": {
        "loc": {
          "start": { "line": 36, "column": 6 },
          "end": { "line": 38, "column": null }
        },
        "type": "if",
        "locations": [
          {
            "start": { "line": 36, "column": 6 },
            "end": { "line": 38, "column": null }
          },
          { "start": {}, "end": {} }
        ],
        "line": 36
      },
      "1": {
        "loc": {
          "start": { "line": 36, "column": 10 },
          "end": { "line": 36, "column": 45 }
        },
        "type": "binary-expr",
        "locations": [
          {
            "start": { "line": 36, "column": 10 },
            "end": { "line": 36, "column": 23 }
          },
          {
            "start": { "line": 36, "column": 23 },
            "end": { "line": 36, "column": 45 }
          }
        ],
        "line": 36
      },
      "2": {
        "loc": {
          "start": { "line": 128, "column": 9 },
          "end": { "line": 128, "column": null }
        },
        "type": "cond-expr",
        "locations": [
          {
            "start": { "line": 128, "column": 24 },
            "end": { "line": 128, "column": 74 }
          },
          {
            "start": { "line": 128, "column": 73 },
            "end": { "line": 128, "column": null }
          }
        ],
        "line": 128
      }
    },
    "s": {
      "0": 1,
      "1": 4,
      "2": 4,
      "3": 12,
      "4": 4,
      "5": 12,
      "6": 4,
      "7": 4,
      "8": 0,
      "9": 0,
      "10": 0,
      "11": 0,
      "12": 0,
      "13": 0,
      "14": 0,
      "15": 0,
      "16": 0,
      "17": 0,
      "18": 0,
      "19": 4
    },
    "f": { "0": 4, "1": 12, "2": 12, "3": 0, "4": 0 },
    "b": { "0": [0, 0], "1": [0, 0], "2": [0, 4] },
    "meta": {
      "lastBranch": 3,
      "lastFunction": 5,
      "lastStatement": 20,
      "seen": {
        "s:18:6:131:Infinity": 0,
        "f:18:6:18:26": 0,
        "s:19:23:19:Infinity": 1,
        "s:20:8:20:Infinity": 2,
        "f:20:20:20:37": 1,
        "s:20:47:20:57": 3,
        "s:21:8:21:Infinity": 4,
        "f:21:18:21:35": 2,
        "s:21:45:21:58": 5,
        "s:27:17:31:Infinity": 6,
        "s:33:19:60:Infinity": 7,
        "f:33:19:33:26": 3,
        "s:34:5:59:Infinity": 8,
        "s:35:23:35:Infinity": 9,
        "b:36:6:38:Infinity:undefined:undefined:undefined:undefined": 0,
        "s:36:6:38:Infinity": 10,
        "b:36:10:36:23:36:23:36:45": 1,
        "s:37:8:37:Infinity": 11,
        "s:40:24:48:Infinity": 12,
        "s:50:6:50:Infinity": 13,
        "s:52:4:52:Infinity": 14,
        "s:53:4:56:Infinity": 15,
        "f:53:4:53:21": 4,
        "s:54:6:54:Infinity": 16,
        "s:55:6:55:Infinity": 17,
        "s:58:6:58:Infinity": 18,
        "s:63:2:129:Infinity": 19,
        "b:128:24:128:74:128:73:128:Infinity": 2
      }
    }
  },
  "/Users/yulia/REACT2026/rs-react2026-app/src/Components/Forms/Controllers/controlledCheckbox.tsx": {
    "path": "/Users/yulia/REACT2026/rs-react2026-app/src/Components/Forms/Controllers/controlledCheckbox.tsx",
    "statementMap": {
      "0": {
        "start": { "line": 5, "column": 7 },
        "end": { "line": 29, "column": null }
      },
      "1": {
        "start": { "line": 7, "column": 22 },
        "end": { "line": 7, "column": null }
      },
      "2": {
        "start": { "line": 9, "column": 2 },
        "end": { "line": 27, "column": null }
      },
      "3": {
        "start": { "line": 14, "column": 8 },
        "end": { "line": 25, "column": null }
      }
    },
    "fnMap": {
      "0": {
        "name": "(anonymous_0)",
        "decl": {
          "start": { "line": 5, "column": 7 },
          "end": { "line": 5, "column": 52 }
        },
        "loc": {
          "start": { "line": 5, "column": 96 },
          "end": { "line": 29, "column": null }
        },
        "line": 5
      },
      "1": {
        "name": "(anonymous_1)",
        "decl": {
          "start": { "line": 13, "column": 6 },
          "end": { "line": 13, "column": 15 }
        },
        "loc": {
          "start": { "line": 14, "column": 8 },
          "end": { "line": 25, "column": null }
        },
        "line": 14
      }
    },
    "branchMap": {
      "0": {
        "loc": {
          "start": { "line": 24, "column": 11 },
          "end": { "line": 25, "column": null }
        },
        "type": "cond-expr",
        "locations": [
          {
            "start": { "line": 24, "column": 19 },
            "end": { "line": 24, "column": 63 }
          },
          {
            "start": { "line": 24, "column": 62 },
            "end": { "line": 25, "column": null }
          }
        ],
        "line": 24
      }
    },
    "s": { "0": 1, "1": 4, "2": 4, "3": 4 },
    "f": { "0": 4, "1": 4 },
    "b": { "0": [0, 4] },
    "meta": {
      "lastBranch": 1,
      "lastFunction": 2,
      "lastStatement": 4,
      "seen": {
        "s:5:7:29:Infinity": 0,
        "f:5:7:5:52": 0,
        "s:7:22:7:Infinity": 1,
        "s:9:2:27:Infinity": 2,
        "f:13:6:13:15": 1,
        "s:14:8:25:Infinity": 3,
        "b:24:19:24:63:24:62:25:Infinity": 0
      }
    }
  },
  "/Users/yulia/REACT2026/rs-react2026-app/src/Components/Forms/Controllers/controlledFile.tsx": {
    "path": "/Users/yulia/REACT2026/rs-react2026-app/src/Components/Forms/Controllers/controlledFile.tsx",
    "statementMap": {
      "0": {
        "start": { "line": 5, "column": 6 },
        "end": { "line": 32, "column": null }
      },
      "1": {
        "start": { "line": 7, "column": 22 },
        "end": { "line": 7, "column": null }
      },
      "2": {
        "start": { "line": 9, "column": 2 },
        "end": { "line": 30, "column": null }
      },
      "3": {
        "start": { "line": 14, "column": 8 },
        "end": { "line": 28, "column": null }
      },
      "4": {
        "start": { "line": 25, "column": 31 },
        "end": { "line": 25, "column": 58 }
      }
    },
    "fnMap": {
      "0": {
        "name": "(anonymous_0)",
        "decl": {
          "start": { "line": 5, "column": 6 },
          "end": { "line": 5, "column": 47 }
        },
        "loc": {
          "start": { "line": 5, "column": 90 },
          "end": { "line": 32, "column": null }
        },
        "line": 5
      },
      "1": {
        "name": "(anonymous_1)",
        "decl": {
          "start": { "line": 13, "column": 6 },
          "end": { "line": 13, "column": 15 }
        },
        "loc": {
          "start": { "line": 14, "column": 8 },
          "end": { "line": 28, "column": null }
        },
        "line": 14
      },
      "2": {
        "name": "(anonymous_2)",
        "decl": {
          "start": { "line": 25, "column": 14 },
          "end": { "line": 25, "column": 25 }
        },
        "loc": {
          "start": { "line": 25, "column": 31 },
          "end": { "line": 25, "column": 58 }
        },
        "line": 25
      }
    },
    "branchMap": {
      "0": {
        "loc": {
          "start": { "line": 27, "column": 11 },
          "end": { "line": 28, "column": null }
        },
        "type": "cond-expr",
        "locations": [
          {
            "start": { "line": 27, "column": 19 },
            "end": { "line": 27, "column": 63 }
          },
          {
            "start": { "line": 27, "column": 62 },
            "end": { "line": 28, "column": null }
          }
        ],
        "line": 27
      }
    },
    "s": { "0": 1, "1": 4, "2": 4, "3": 4, "4": 0 },
    "f": { "0": 4, "1": 4, "2": 0 },
    "b": { "0": [0, 4] },
    "meta": {
      "lastBranch": 1,
      "lastFunction": 3,
      "lastStatement": 5,
      "seen": {
        "s:5:6:32:Infinity": 0,
        "f:5:6:5:47": 0,
        "s:7:22:7:Infinity": 1,
        "s:9:2:30:Infinity": 2,
        "f:13:6:13:15": 1,
        "s:14:8:28:Infinity": 3,
        "f:25:14:25:25": 2,
        "s:25:31:25:58": 4,
        "b:27:19:27:63:27:62:28:Infinity": 0
      }
    }
  },
  "/Users/yulia/REACT2026/rs-react2026-app/src/Components/Forms/Controllers/controlledGender.tsx": {
    "path": "/Users/yulia/REACT2026/rs-react2026-app/src/Components/Forms/Controllers/controlledGender.tsx",
    "statementMap": {
      "0": {
        "start": { "line": 5, "column": 6 },
        "end": { "line": 42, "column": null }
      },
      "1": {
        "start": { "line": 7, "column": 19 },
        "end": { "line": 7, "column": null }
      },
      "2": {
        "start": { "line": 8, "column": 22 },
        "end": { "line": 8, "column": null }
      },
      "3": {
        "start": { "line": 9, "column": 24 },
        "end": { "line": 9, "column": null }
      },
      "4": {
        "start": { "line": 11, "column": 2 },
        "end": { "line": 40, "column": null }
      },
      "5": {
        "start": { "line": 16, "column": 8 },
        "end": { "line": 38, "column": null }
      },
      "6": {
        "start": { "line": 25, "column": 32 },
        "end": { "line": 25, "column": 52 }
      },
      "7": {
        "start": { "line": 35, "column": 32 },
        "end": { "line": 35, "column": 53 }
      }
    },
    "fnMap": {
      "0": {
        "name": "(anonymous_0)",
        "decl": {
          "start": { "line": 5, "column": 6 },
          "end": { "line": 5, "column": 49 }
        },
        "loc": {
          "start": { "line": 5, "column": 101 },
          "end": { "line": 42, "column": null }
        },
        "line": 5
      },
      "1": {
        "name": "(anonymous_1)",
        "decl": {
          "start": { "line": 15, "column": 6 },
          "end": { "line": 15, "column": 15 }
        },
        "loc": {
          "start": { "line": 16, "column": 8 },
          "end": { "line": 38, "column": null }
        },
        "line": 16
      },
      "2": {
        "name": "(anonymous_2)",
        "decl": {
          "start": { "line": 25, "column": 16 },
          "end": { "line": 25, "column": 32 }
        },
        "loc": {
          "start": { "line": 25, "column": 32 },
          "end": { "line": 25, "column": 52 }
        },
        "line": 25
      },
      "3": {
        "name": "(anonymous_3)",
        "decl": {
          "start": { "line": 35, "column": 16 },
          "end": { "line": 35, "column": 32 }
        },
        "loc": {
          "start": { "line": 35, "column": 32 },
          "end": { "line": 35, "column": 53 }
        },
        "line": 35
      }
    },
    "branchMap": {
      "0": {
        "loc": {
          "start": { "line": 37, "column": 11 },
          "end": { "line": 37, "column": null }
        },
        "type": "cond-expr",
        "locations": [
          {
            "start": { "line": 37, "column": 19 },
            "end": { "line": 37, "column": 63 }
          },
          {
            "start": { "line": 37, "column": 62 },
            "end": { "line": 37, "column": null }
          }
        ],
        "line": 37
      }
    },
    "s": { "0": 1, "1": 4, "2": 4, "3": 4, "4": 4, "5": 4, "6": 0, "7": 0 },
    "f": { "0": 4, "1": 4, "2": 0, "3": 0 },
    "b": { "0": [0, 4] },
    "meta": {
      "lastBranch": 1,
      "lastFunction": 4,
      "lastStatement": 8,
      "seen": {
        "s:5:6:42:Infinity": 0,
        "f:5:6:5:49": 0,
        "s:7:19:7:Infinity": 1,
        "s:8:22:8:Infinity": 2,
        "s:9:24:9:Infinity": 3,
        "s:11:2:40:Infinity": 4,
        "f:15:6:15:15": 1,
        "s:16:8:38:Infinity": 5,
        "f:25:16:25:32": 2,
        "s:25:32:25:52": 6,
        "f:35:16:35:32": 3,
        "s:35:32:35:53": 7,
        "b:37:19:37:63:37:62:37:Infinity": 0
      }
    }
  },
  "/Users/yulia/REACT2026/rs-react2026-app/src/Components/Forms/Controllers/controlledInput.tsx": {
    "path": "/Users/yulia/REACT2026/rs-react2026-app/src/Components/Forms/Controllers/controlledInput.tsx",
    "statementMap": {
      "0": {
        "start": { "line": 8, "column": 6 },
        "end": { "line": 39, "column": null }
      },
      "1": {
        "start": { "line": 16, "column": 18 },
        "end": { "line": 16, "column": null }
      },
      "2": {
        "start": { "line": 18, "column": 2 },
        "end": { "line": 37, "column": null }
      },
      "3": {
        "start": { "line": 23, "column": 8 },
        "end": { "line": 35, "column": null }
      }
    },
    "fnMap": {
      "0": {
        "name": "(anonymous_0)",
        "decl": {
          "start": { "line": 8, "column": 6 },
          "end": { "line": 8, "column": 49 }
        },
        "loc": {
          "start": { "line": 14, "column": 30 },
          "end": { "line": 39, "column": null }
        },
        "line": 14
      },
      "1": {
        "name": "(anonymous_1)",
        "decl": {
          "start": { "line": 22, "column": 6 },
          "end": { "line": 22, "column": 15 }
        },
        "loc": {
          "start": { "line": 23, "column": 8 },
          "end": { "line": 35, "column": null }
        },
        "line": 23
      }
    },
    "branchMap": {
      "0": {
        "loc": {
          "start": { "line": 12, "column": 2 },
          "end": { "line": 12, "column": null }
        },
        "type": "default-arg",
        "locations": [
          {
            "start": { "line": 12, "column": 14 },
            "end": { "line": 12, "column": null }
          }
        ],
        "line": 12
      },
      "1": {
        "loc": {
          "start": { "line": 31, "column": 21 },
          "end": { "line": 31, "column": null }
        },
        "type": "binary-expr",
        "locations": [
          {
            "start": { "line": 31, "column": 21 },
            "end": { "line": 31, "column": 36 }
          },
          {
            "start": { "line": 31, "column": 36 },
            "end": { "line": 31, "column": null }
          }
        ],
        "line": 31
      },
      "2": {
        "loc": {
          "start": { "line": 34, "column": 11 },
          "end": { "line": 35, "column": null }
        },
        "type": "cond-expr",
        "locations": [
          {
            "start": { "line": 34, "column": 19 },
            "end": { "line": 34, "column": 63 }
          },
          {
            "start": { "line": 34, "column": 62 },
            "end": { "line": 35, "column": null }
          }
        ],
        "line": 34
      }
    },
    "s": { "0": 1, "1": 12, "2": 12, "3": 14 },
    "f": { "0": 12, "1": 14 },
    "b": { "0": [12], "1": [14, 12], "2": [1, 13] },
    "meta": {
      "lastBranch": 3,
      "lastFunction": 2,
      "lastStatement": 4,
      "seen": {
        "s:8:6:39:Infinity": 0,
        "f:8:6:8:49": 0,
        "b:12:14:12:Infinity": 0,
        "s:16:18:16:Infinity": 1,
        "s:18:2:37:Infinity": 2,
        "f:22:6:22:15": 1,
        "s:23:8:35:Infinity": 3,
        "b:31:21:31:36:31:36:31:Infinity": 1,
        "b:34:19:34:63:34:62:35:Infinity": 2
      }
    }
  },
  "/Users/yulia/REACT2026/rs-react2026-app/src/Components/Forms/Controllers/controlledPassword.tsx": {
    "path": "/Users/yulia/REACT2026/rs-react2026-app/src/Components/Forms/Controllers/controlledPassword.tsx",
    "statementMap": {
      "0": {
        "start": { "line": 21, "column": 23 },
        "end": { "line": 21, "column": null }
      },
      "1": {
        "start": { "line": 22, "column": 21 },
        "end": { "line": 22, "column": null }
      },
      "2": {
        "start": { "line": 24, "column": 2 },
        "end": { "line": 49, "column": null }
      },
      "3": {
        "start": { "line": 29, "column": 8 },
        "end": { "line": 47, "column": null }
      },
      "4": {
        "start": { "line": 42, "column": 77 },
        "end": { "line": 42, "column": null }
      }
    },
    "fnMap": {
      "0": {
        "name": "ControlledPassword",
        "decl": {
          "start": { "line": 14, "column": 16 },
          "end": { "line": 14, "column": 58 }
        },
        "loc": {
          "start": { "line": 20, "column": 31 },
          "end": { "line": 51, "column": null }
        },
        "line": 20
      },
      "1": {
        "name": "(anonymous_1)",
        "decl": {
          "start": { "line": 28, "column": 6 },
          "end": { "line": 28, "column": 15 }
        },
        "loc": {
          "start": { "line": 29, "column": 8 },
          "end": { "line": 47, "column": null }
        },
        "line": 29
      },
      "2": {
        "name": "(anonymous_2)",
        "decl": {
          "start": { "line": 42, "column": 62 },
          "end": { "line": 42, "column": 77 }
        },
        "loc": {
          "start": { "line": 42, "column": 77 },
          "end": { "line": 42, "column": null }
        },
        "line": 42
      }
    },
    "branchMap": {
      "0": {
        "loc": {
          "start": { "line": 19, "column": 2 },
          "end": { "line": 19, "column": null }
        },
        "type": "default-arg",
        "locations": [
          {
            "start": { "line": 19, "column": 17 },
            "end": { "line": 19, "column": null }
          }
        ],
        "line": 19
      },
      "1": {
        "loc": {
          "start": { "line": 30, "column": 12 },
          "end": { "line": 30, "column": null }
        },
        "type": "binary-expr",
        "locations": [
          {
            "start": { "line": 30, "column": 12 },
            "end": { "line": 30, "column": 28 }
          },
          {
            "start": { "line": 30, "column": 28 },
            "end": { "line": 30, "column": null }
          }
        ],
        "line": 30
      },
      "2": {
        "loc": {
          "start": { "line": 30, "column": 61 },
          "end": { "line": 30, "column": 81 }
        },
        "type": "binary-expr",
        "locations": [
          {
            "start": { "line": 30, "column": 61 },
            "end": { "line": 30, "column": 76 }
          },
          {
            "start": { "line": 30, "column": 76 },
            "end": { "line": 30, "column": 81 }
          }
        ],
        "line": 30
      },
      "3": {
        "loc": {
          "start": { "line": 36, "column": 21 },
          "end": { "line": 36, "column": null }
        },
        "type": "binary-expr",
        "locations": [
          {
            "start": { "line": 36, "column": 21 },
            "end": { "line": 36, "column": 36 }
          },
          {
            "start": { "line": 36, "column": 36 },
            "end": { "line": 36, "column": null }
          }
        ],
        "line": 36
      },
      "4": {
        "loc": {
          "start": { "line": 37, "column": 20 },
          "end": { "line": 37, "column": null }
        },
        "type": "cond-expr",
        "locations": [
          {
            "start": { "line": 37, "column": 35 },
            "end": { "line": 37, "column": 44 }
          },
          {
            "start": { "line": 37, "column": 44 },
            "end": { "line": 37, "column": null }
          }
        ],
        "line": 37
      },
      "5": {
        "loc": {
          "start": { "line": 43, "column": 15 },
          "end": { "line": 43, "column": null }
        },
        "type": "cond-expr",
        "locations": [
          {
            "start": { "line": 43, "column": 30 },
            "end": { "line": 43, "column": 48 }
          },
          {
            "start": { "line": 43, "column": 47 },
            "end": { "line": 43, "column": null }
          }
        ],
        "line": 43
      },
      "6": {
        "loc": {
          "start": { "line": 46, "column": 11 },
          "end": { "line": 46, "column": null }
        },
        "type": "binary-expr",
        "locations": [
          {
            "start": { "line": 46, "column": 11 },
            "end": { "line": 46, "column": 20 }
          },
          {
            "start": { "line": 46, "column": 20 },
            "end": { "line": 46, "column": null }
          }
        ],
        "line": 46
      }
    },
    "s": { "0": 8, "1": 8, "2": 8, "3": 8, "4": 0 },
    "f": { "0": 8, "1": 8, "2": 0 },
    "b": {
      "0": [8],
      "1": [8, 4],
      "2": [4, 4],
      "3": [8, 8],
      "4": [0, 8],
      "5": [0, 8],
      "6": [8, 0]
    },
    "meta": {
      "lastBranch": 7,
      "lastFunction": 3,
      "lastStatement": 5,
      "seen": {
        "f:14:16:14:58": 0,
        "b:19:17:19:Infinity": 0,
        "s:21:23:21:Infinity": 0,
        "s:22:21:22:Infinity": 1,
        "s:24:2:49:Infinity": 2,
        "f:28:6:28:15": 1,
        "s:29:8:47:Infinity": 3,
        "b:30:12:30:28:30:28:30:Infinity": 1,
        "b:30:61:30:76:30:76:30:81": 2,
        "b:36:21:36:36:36:36:36:Infinity": 3,
        "b:37:35:37:44:37:44:37:Infinity": 4,
        "f:42:62:42:77": 2,
        "s:42:77:42:Infinity": 4,
        "b:43:30:43:48:43:47:43:Infinity": 5,
        "b:46:11:46:20:46:20:46:Infinity": 6
      }
    }
  },
  "/Users/yulia/REACT2026/rs-react2026-app/src/Components/Forms/Controllers/controlledSelect.tsx": {
    "path": "/Users/yulia/REACT2026/rs-react2026-app/src/Components/Forms/Controllers/controlledSelect.tsx",
    "statementMap": {
      "0": {
        "start": { "line": 11, "column": 6 },
        "end": { "line": 75, "column": null }
      },
      "1": {
        "start": { "line": 17, "column": 21 },
        "end": { "line": 17, "column": null }
      },
      "2": {
        "start": { "line": 18, "column": 19 },
        "end": { "line": 18, "column": null }
      },
      "3": {
        "start": { "line": 19, "column": 17 },
        "end": { "line": 19, "column": null }
      },
      "4": {
        "start": { "line": 20, "column": 25 },
        "end": { "line": 20, "column": null }
      },
      "5": {
        "start": { "line": 22, "column": 2 },
        "end": { "line": 73, "column": null }
      },
      "6": {
        "start": { "line": 27, "column": 8 },
        "end": { "line": 29, "column": null }
      },
      "7": {
        "start": { "line": 28, "column": 10 },
        "end": { "line": 28, "column": null }
      },
      "8": {
        "start": { "line": 31, "column": 14 },
        "end": { "line": 37, "column": null }
      },
      "9": {
        "start": { "line": 32, "column": 22 },
        "end": { "line": 32, "column": null }
      },
      "10": {
        "start": { "line": 33, "column": 10 },
        "end": { "line": 33, "column": null }
      },
      "11": {
        "start": { "line": 34, "column": 10 },
        "end": { "line": 34, "column": null }
      },
      "12": {
        "start": { "line": 35, "column": 10 },
        "end": { "line": 35, "column": null }
      },
      "13": {
        "start": { "line": 36, "column": 10 },
        "end": { "line": 36, "column": null }
      },
      "14": {
        "start": { "line": 36, "column": 48 },
        "end": { "line": 36, "column": 91 }
      },
      "15": {
        "start": { "line": 39, "column": 14 },
        "end": { "line": 43, "column": null }
      },
      "16": {
        "start": { "line": 40, "column": 10 },
        "end": { "line": 40, "column": null }
      },
      "17": {
        "start": { "line": 41, "column": 10 },
        "end": { "line": 41, "column": null }
      },
      "18": {
        "start": { "line": 42, "column": 10 },
        "end": { "line": 42, "column": null }
      },
      "19": {
        "start": { "line": 45, "column": 8 },
        "end": { "line": 70, "column": null }
      },
      "20": {
        "start": { "line": 56, "column": 30 },
        "end": { "line": 56, "column": null }
      },
      "21": {
        "start": { "line": 56, "column": 47 },
        "end": { "line": 56, "column": 65 }
      },
      "22": {
        "start": { "line": 62, "column": 20 },
        "end": { "line": 64, "column": null }
      },
      "23": {
        "start": { "line": 62, "column": 51 },
        "end": { "line": 62, "column": 71 }
      }
    },
    "fnMap": {
      "0": {
        "name": "(anonymous_0)",
        "decl": {
          "start": { "line": 11, "column": 6 },
          "end": { "line": 11, "column": 56 }
        },
        "loc": {
          "start": { "line": 16, "column": 28 },
          "end": { "line": 75, "column": null }
        },
        "line": 16
      },
      "1": {
        "name": "(anonymous_1)",
        "decl": {
          "start": { "line": 26, "column": 6 },
          "end": { "line": 26, "column": 15 }
        },
        "loc": {
          "start": { "line": 26, "column": 73 },
          "end": { "line": 72, "column": null }
        },
        "line": 26
      },
      "2": {
        "name": "(anonymous_2)",
        "decl": {
          "start": { "line": 27, "column": 8 },
          "end": { "line": 27, "column": 24 }
        },
        "loc": {
          "start": { "line": 27, "column": 24 },
          "end": { "line": 29, "column": 11 }
        },
        "line": 27
      },
      "3": {
        "name": "(anonymous_3)",
        "decl": {
          "start": { "line": 31, "column": 14 },
          "end": { "line": 31, "column": 35 }
        },
        "loc": {
          "start": { "line": 31, "column": 78 },
          "end": { "line": 37, "column": null }
        },
        "line": 31
      },
      "4": {
        "name": "(anonymous_4)",
        "decl": {
          "start": { "line": 36, "column": 36 },
          "end": { "line": 36, "column": 43 }
        },
        "loc": {
          "start": { "line": 36, "column": 48 },
          "end": { "line": 36, "column": 91 }
        },
        "line": 36
      },
      "5": {
        "name": "(anonymous_5)",
        "decl": {
          "start": { "line": 39, "column": 14 },
          "end": { "line": 39, "column": 30 }
        },
        "loc": {
          "start": { "line": 39, "column": 49 },
          "end": { "line": 43, "column": null }
        },
        "line": 39
      },
      "6": {
        "name": "(anonymous_6)",
        "decl": {
          "start": { "line": 56, "column": 16 },
          "end": { "line": 56, "column": 30 }
        },
        "loc": {
          "start": { "line": 56, "column": 30 },
          "end": { "line": 56, "column": null }
        },
        "line": 56
      },
      "7": {
        "name": "(anonymous_7)",
        "decl": {
          "start": { "line": 56, "column": 30 },
          "end": { "line": 56, "column": 47 }
        },
        "loc": {
          "start": { "line": 56, "column": 47 },
          "end": { "line": 56, "column": 65 }
        },
        "line": 56
      },
      "8": {
        "name": "(anonymous_8)",
        "decl": {
          "start": { "line": 61, "column": 28 },
          "end": { "line": 61, "column": 33 }
        },
        "loc": {
          "start": { "line": 62, "column": 20 },
          "end": { "line": 64, "column": null }
        },
        "line": 62
      },
      "9": {
        "name": "(anonymous_9)",
        "decl": {
          "start": { "line": 62, "column": 36 },
          "end": { "line": 62, "column": 51 }
        },
        "loc": {
          "start": { "line": 62, "column": 51 },
          "end": { "line": 62, "column": 71 }
        },
        "line": 62
      }
    },
    "branchMap": {
      "0": {
        "loc": {
          "start": { "line": 28, "column": 24 },
          "end": { "line": 28, "column": 35 }
        },
        "type": "binary-expr",
        "locations": [
          {
            "start": { "line": 28, "column": 24 },
            "end": { "line": 28, "column": 33 }
          },
          {
            "start": { "line": 28, "column": 33 },
            "end": { "line": 28, "column": 35 }
          }
        ],
        "line": 28
      },
      "1": {
        "loc": {
          "start": { "line": 36, "column": 22 },
          "end": { "line": 36, "column": 97 }
        },
        "type": "cond-expr",
        "locations": [
          {
            "start": { "line": 36, "column": 28 },
            "end": { "line": 36, "column": 95 }
          },
          {
            "start": { "line": 36, "column": 95 },
            "end": { "line": 36, "column": 97 }
          }
        ],
        "line": 36
      },
      "2": {
        "loc": {
          "start": { "line": 59, "column": 15 },
          "end": { "line": 66, "column": null }
        },
        "type": "binary-expr",
        "locations": [
          {
            "start": { "line": 59, "column": 15 },
            "end": { "line": 59, "column": 25 }
          },
          {
            "start": { "line": 59, "column": 25 },
            "end": { "line": 59, "column": null }
          },
          {
            "start": { "line": 60, "column": 16 },
            "end": { "line": 66, "column": null }
          }
        ],
        "line": 59
      },
      "3": {
        "loc": {
          "start": { "line": 69, "column": 13 },
          "end": { "line": 70, "column": null }
        },
        "type": "cond-expr",
        "locations": [
          {
            "start": { "line": 69, "column": 21 },
            "end": { "line": 69, "column": 65 }
          },
          {
            "start": { "line": 69, "column": 64 },
            "end": { "line": 70, "column": null }
          }
        ],
        "line": 69
      }
    },
    "s": {
      "0": 1,
      "1": 6,
      "2": 6,
      "3": 6,
      "4": 6,
      "5": 6,
      "6": 4,
      "7": 2,
      "8": 4,
      "9": 0,
      "10": 0,
      "11": 0,
      "12": 0,
      "13": 0,
      "14": 0,
      "15": 4,
      "16": 0,
      "17": 0,
      "18": 0,
      "19": 4,
      "20": 0,
      "21": 0,
      "22": 0,
      "23": 0
    },
    "f": {
      "0": 6,
      "1": 4,
      "2": 2,
      "3": 0,
      "4": 0,
      "5": 0,
      "6": 0,
      "7": 0,
      "8": 0,
      "9": 0
    },
    "b": { "0": [2, 2], "1": [0, 0], "2": [4, 0, 0], "3": [0, 4] },
    "meta": {
      "lastBranch": 4,
      "lastFunction": 10,
      "lastStatement": 24,
      "seen": {
        "s:11:6:75:Infinity": 0,
        "f:11:6:11:56": 0,
        "s:17:21:17:Infinity": 1,
        "s:18:19:18:Infinity": 2,
        "s:19:17:19:Infinity": 3,
        "s:20:25:20:Infinity": 4,
        "s:22:2:73:Infinity": 5,
        "f:26:6:26:15": 1,
        "s:27:8:29:Infinity": 6,
        "f:27:8:27:24": 2,
        "s:28:10:28:Infinity": 7,
        "b:28:24:28:33:28:33:28:35": 0,
        "s:31:14:37:Infinity": 8,
        "f:31:14:31:35": 3,
        "s:32:22:32:Infinity": 9,
        "s:33:10:33:Infinity": 10,
        "s:34:10:34:Infinity": 11,
        "s:35:10:35:Infinity": 12,
        "s:36:10:36:Infinity": 13,
        "b:36:28:36:95:36:95:36:97": 1,
        "f:36:36:36:43": 4,
        "s:36:48:36:91": 14,
        "s:39:14:43:Infinity": 15,
        "f:39:14:39:30": 5,
        "s:40:10:40:Infinity": 16,
        "s:41:10:41:Infinity": 17,
        "s:42:10:42:Infinity": 18,
        "s:45:8:70:Infinity": 19,
        "f:56:16:56:30": 6,
        "s:56:30:56:Infinity": 20,
        "f:56:30:56:47": 7,
        "s:56:47:56:65": 21,
        "b:59:15:59:25:59:25:59:Infinity:60:16:66:Infinity": 2,
        "f:61:28:61:33": 8,
        "s:62:20:64:Infinity": 22,
        "f:62:36:62:51": 9,
        "s:62:51:62:71": 23,
        "b:69:21:69:65:69:64:70:Infinity": 3
      }
    }
  },
  "/Users/yulia/REACT2026/rs-react2026-app/src/Components/Forms/Input/input.tsx": {
    "path": "/Users/yulia/REACT2026/rs-react2026-app/src/Components/Forms/Input/input.tsx",
    "statementMap": {
      "0": {
        "start": { "line": 8, "column": 13 },
        "end": { "line": 28, "column": null }
      },
      "1": {
        "start": { "line": 10, "column": 10 },
        "end": { "line": 10, "column": null }
      },
      "2": {
        "start": { "line": 11, "column": 20 },
        "end": { "line": 11, "column": null }
      },
      "3": {
        "start": { "line": 13, "column": 4 },
        "end": { "line": 25, "column": null }
      },
      "4": {
        "start": { "line": 30, "column": 0 },
        "end": { "line": 30, "column": null }
      }
    },
    "fnMap": {
      "0": {
        "name": "(anonymous_0)",
        "decl": {
          "start": { "line": 8, "column": 21 },
          "end": { "line": 8, "column": null }
        },
        "loc": {
          "start": { "line": 9, "column": 55 },
          "end": { "line": 27, "column": null }
        },
        "line": 9
      }
    },
    "branchMap": {
      "0": {
        "loc": {
          "start": { "line": 9, "column": 19 },
          "end": { "line": 9, "column": 35 }
        },
        "type": "default-arg",
        "locations": [
          {
            "start": { "line": 9, "column": 31 },
            "end": { "line": 9, "column": 35 }
          }
        ],
        "line": 9
      },
      "1": {
        "loc": {
          "start": { "line": 11, "column": 20 },
          "end": { "line": 11, "column": null }
        },
        "type": "binary-expr",
        "locations": [
          {
            "start": { "line": 11, "column": 20 },
            "end": { "line": 11, "column": 32 }
          },
          {
            "start": { "line": 11, "column": 32 },
            "end": { "line": 11, "column": null }
          }
        ],
        "line": 11
      },
      "2": {
        "loc": {
          "start": { "line": 24, "column": 9 },
          "end": { "line": 25, "column": null }
        },
        "type": "cond-expr",
        "locations": [
          {
            "start": { "line": 24, "column": 17 },
            "end": { "line": 24, "column": 53 }
          },
          {
            "start": { "line": 24, "column": 52 },
            "end": { "line": 25, "column": null }
          }
        ],
        "line": 24
      }
    },
    "s": { "0": 1, "1": 9, "2": 9, "3": 9, "4": 1 },
    "f": { "0": 9 },
    "b": { "0": [9], "1": [9, 9], "2": [3, 6] },
    "meta": {
      "lastBranch": 3,
      "lastFunction": 1,
      "lastStatement": 5,
      "seen": {
        "s:8:13:28:Infinity": 0,
        "f:8:21:8:Infinity": 0,
        "b:9:31:9:35": 0,
        "s:10:10:10:Infinity": 1,
        "s:11:20:11:Infinity": 2,
        "b:11:20:11:32:11:32:11:Infinity": 1,
        "s:13:4:25:Infinity": 3,
        "b:24:17:24:53:24:52:25:Infinity": 2,
        "s:30:0:30:Infinity": 4
      }
    }
  },
  "/Users/yulia/REACT2026/rs-react2026-app/src/Components/PasswordStreingth/passwordStreigth.tsx": {
    "path": "/Users/yulia/REACT2026/rs-react2026-app/src/Components/PasswordStreingth/passwordStreigth.tsx",
    "statementMap": {
      "0": {
        "start": { "line": 7, "column": 6 },
        "end": { "line": 36, "column": null }
      },
      "1": {
        "start": { "line": 8, "column": 20 },
        "end": { "line": 8, "column": null }
      },
      "2": {
        "start": { "line": 9, "column": 19 },
        "end": { "line": 9, "column": null }
      },
      "3": {
        "start": { "line": 10, "column": 19 },
        "end": { "line": 10, "column": null }
      },
      "4": {
        "start": { "line": 11, "column": 21 },
        "end": { "line": 11, "column": null }
      },
      "5": {
        "start": { "line": 13, "column": 24 },
        "end": { "line": 15, "column": null }
      },
      "6": {
        "start": { "line": 17, "column": 8 },
        "end": { "line": 23, "column": null }
      },
      "7": {
        "start": { "line": 18, "column": 4 },
        "end": { "line": 18, "column": null }
      },
      "8": {
        "start": { "line": 18, "column": 21 },
        "end": { "line": 18, "column": null }
      },
      "9": {
        "start": { "line": 19, "column": 4 },
        "end": { "line": 19, "column": null }
      },
      "10": {
        "start": { "line": 19, "column": 21 },
        "end": { "line": 19, "column": null }
      },
      "11": {
        "start": { "line": 20, "column": 4 },
        "end": { "line": 20, "column": null }
      },
      "12": {
        "start": { "line": 20, "column": 21 },
        "end": { "line": 20, "column": null }
      },
      "13": {
        "start": { "line": 21, "column": 4 },
        "end": { "line": 21, "column": null }
      },
      "14": {
        "start": { "line": 21, "column": 21 },
        "end": { "line": 21, "column": null }
      },
      "15": {
        "start": { "line": 22, "column": 4 },
        "end": { "line": 22, "column": null }
      },
      "16": {
        "start": { "line": 25, "column": 2 },
        "end": { "line": 34, "column": null }
      }
    },
    "fnMap": {
      "0": {
        "name": "(anonymous_0)",
        "decl": {
          "start": { "line": 7, "column": 6 },
          "end": { "line": 7, "column": 26 }
        },
        "loc": {
          "start": { "line": 7, "column": 71 },
          "end": { "line": 36, "column": null }
        },
        "line": 7
      },
      "1": {
        "name": "(anonymous_1)",
        "decl": {
          "start": { "line": 17, "column": 8 },
          "end": { "line": 17, "column": 28 }
        },
        "loc": {
          "start": { "line": 17, "column": 46 },
          "end": { "line": 23, "column": null }
        },
        "line": 17
      }
    },
    "branchMap": {
      "0": {
        "loc": {
          "start": { "line": 18, "column": 4 },
          "end": { "line": 18, "column": null }
        },
        "type": "if",
        "locations": [
          {
            "start": { "line": 18, "column": 4 },
            "end": { "line": 18, "column": null }
          },
          { "start": {}, "end": {} }
        ],
        "line": 18
      },
      "1": {
        "loc": {
          "start": { "line": 19, "column": 4 },
          "end": { "line": 19, "column": null }
        },
        "type": "if",
        "locations": [
          {
            "start": { "line": 19, "column": 4 },
            "end": { "line": 19, "column": null }
          },
          { "start": {}, "end": {} }
        ],
        "line": 19
      },
      "2": {
        "loc": {
          "start": { "line": 20, "column": 4 },
          "end": { "line": 20, "column": null }
        },
        "type": "if",
        "locations": [
          {
            "start": { "line": 20, "column": 4 },
            "end": { "line": 20, "column": null }
          },
          { "start": {}, "end": {} }
        ],
        "line": 20
      },
      "3": {
        "loc": {
          "start": { "line": 21, "column": 4 },
          "end": { "line": 21, "column": null }
        },
        "type": "if",
        "locations": [
          {
            "start": { "line": 21, "column": 4 },
            "end": { "line": 21, "column": null }
          },
          { "start": {}, "end": {} }
        ],
        "line": 21
      }
    },
    "s": {
      "0": 2,
      "1": 7,
      "2": 7,
      "3": 7,
      "4": 7,
      "5": 7,
      "6": 7,
      "7": 7,
      "8": 0,
      "9": 7,
      "10": 0,
      "11": 7,
      "12": 0,
      "13": 7,
      "14": 0,
      "15": 7,
      "16": 7
    },
    "f": { "0": 7, "1": 7 },
    "b": { "0": [0, 7], "1": [0, 7], "2": [0, 7], "3": [0, 7] },
    "meta": {
      "lastBranch": 4,
      "lastFunction": 2,
      "lastStatement": 17,
      "seen": {
        "s:7:6:36:Infinity": 0,
        "f:7:6:7:26": 0,
        "s:8:20:8:Infinity": 1,
        "s:9:19:9:Infinity": 2,
        "s:10:19:10:Infinity": 3,
        "s:11:21:11:Infinity": 4,
        "s:13:24:15:Infinity": 5,
        "s:17:8:23:Infinity": 6,
        "f:17:8:17:28": 1,
        "b:18:4:18:Infinity:undefined:undefined:undefined:undefined": 0,
        "s:18:4:18:Infinity": 7,
        "s:18:21:18:Infinity": 8,
        "b:19:4:19:Infinity:undefined:undefined:undefined:undefined": 1,
        "s:19:4:19:Infinity": 9,
        "s:19:21:19:Infinity": 10,
        "b:20:4:20:Infinity:undefined:undefined:undefined:undefined": 2,
        "s:20:4:20:Infinity": 11,
        "s:20:21:20:Infinity": 12,
        "b:21:4:21:Infinity:undefined:undefined:undefined:undefined": 3,
        "s:21:4:21:Infinity": 13,
        "s:21:21:21:Infinity": 14,
        "s:22:4:22:Infinity": 15,
        "s:25:2:34:Infinity": 16
      }
    }
  },
  "/Users/yulia/REACT2026/rs-react2026-app/src/Store/useCountryStore.ts": {
    "path": "/Users/yulia/REACT2026/rs-react2026-app/src/Store/useCountryStore.ts",
    "statementMap": {
      "0": {
        "start": { "line": 4, "column": 13 },
        "end": { "line": 10, "column": null }
      },
      "1": {
        "start": { "line": 4, "column": 59 },
        "end": { "line": 10, "column": 2 }
      },
      "2": {
        "start": { "line": 7, "column": 24 },
        "end": { "line": 9, "column": null }
      },
      "3": {
        "start": { "line": 7, "column": 40 },
        "end": { "line": 9, "column": 4 }
      }
    },
    "fnMap": {
      "0": {
        "name": "(anonymous_0)",
        "decl": {
          "start": { "line": 4, "column": 31 },
          "end": { "line": 4, "column": 50 }
        },
        "loc": {
          "start": { "line": 4, "column": 59 },
          "end": { "line": 10, "column": 2 }
        },
        "line": 4
      },
      "1": {
        "name": "(anonymous_1)",
        "decl": {
          "start": { "line": 7, "column": 2 },
          "end": { "line": 7, "column": 12 }
        },
        "loc": {
          "start": { "line": 7, "column": 24 },
          "end": { "line": 9, "column": null }
        },
        "line": 7
      },
      "2": {
        "name": "(anonymous_2)",
        "decl": {
          "start": { "line": 7, "column": 24 },
          "end": { "line": 7, "column": 29 }
        },
        "loc": {
          "start": { "line": 7, "column": 40 },
          "end": { "line": 9, "column": 4 }
        },
        "line": 7
      }
    },
    "branchMap": {},
    "s": { "0": 2, "1": 2, "2": 0, "3": 0 },
    "f": { "0": 2, "1": 0, "2": 0 },
    "b": {},
    "meta": {
      "lastBranch": 0,
      "lastFunction": 3,
      "lastStatement": 4,
      "seen": {
        "s:4:13:10:Infinity": 0,
        "f:4:31:4:50": 0,
        "s:4:59:10:2": 1,
        "f:7:2:7:12": 1,
        "s:7:24:9:Infinity": 2,
        "f:7:24:7:29": 2,
        "s:7:40:9:4": 3
      }
    }
  },
  "/Users/yulia/REACT2026/rs-react2026-app/src/helpers/converFile.tsx": {
    "path": "/Users/yulia/REACT2026/rs-react2026-app/src/helpers/converFile.tsx",
    "statementMap": {
      "0": {
        "start": { "line": 1, "column": 6 },
        "end": { "line": 8, "column": null }
      },
      "1": {
        "start": { "line": 2, "column": 2 },
        "end": { "line": 7, "column": null }
      },
      "2": {
        "start": { "line": 3, "column": 19 },
        "end": { "line": 3, "column": null }
      },
      "3": {
        "start": { "line": 4, "column": 4 },
        "end": { "line": 4, "column": null }
      },
      "4": {
        "start": { "line": 5, "column": 4 },
        "end": { "line": 5, "column": null }
      },
      "5": {
        "start": { "line": 5, "column": 26 },
        "end": { "line": 5, "column": null }
      },
      "6": {
        "start": { "line": 6, "column": 4 },
        "end": { "line": 6, "column": null }
      },
      "7": {
        "start": { "line": 6, "column": 32 },
        "end": { "line": 6, "column": null }
      }
    },
    "fnMap": {
      "0": {
        "name": "(anonymous_0)",
        "decl": {
          "start": { "line": 1, "column": 6 },
          "end": { "line": 1, "column": 29 }
        },
        "loc": {
          "start": { "line": 1, "column": 61 },
          "end": { "line": 8, "column": null }
        },
        "line": 1
      },
      "1": {
        "name": "(anonymous_1)",
        "decl": {
          "start": { "line": 2, "column": 13 },
          "end": { "line": 2, "column": 22 }
        },
        "loc": {
          "start": { "line": 2, "column": 42 },
          "end": { "line": 7, "column": 3 }
        },
        "line": 2
      },
      "2": {
        "name": "(anonymous_2)",
        "decl": {
          "start": { "line": 5, "column": 11 },
          "end": { "line": 5, "column": 26 }
        },
        "loc": {
          "start": { "line": 5, "column": 26 },
          "end": { "line": 5, "column": null }
        },
        "line": 5
      },
      "3": {
        "name": "(anonymous_3)",
        "decl": {
          "start": { "line": 6, "column": 11 },
          "end": { "line": 6, "column": 22 }
        },
        "loc": {
          "start": { "line": 6, "column": 32 },
          "end": { "line": 6, "column": null }
        },
        "line": 6
      }
    },
    "branchMap": {},
    "s": { "0": 3, "1": 2, "2": 2, "3": 2, "4": 2, "5": 1, "6": 2, "7": 1 },
    "f": { "0": 2, "1": 2, "2": 1, "3": 1 },
    "b": {},
    "meta": {
      "lastBranch": 0,
      "lastFunction": 4,
      "lastStatement": 8,
      "seen": {
        "s:1:6:8:Infinity": 0,
        "f:1:6:1:29": 0,
        "s:2:2:7:Infinity": 1,
        "f:2:13:2:22": 1,
        "s:3:19:3:Infinity": 2,
        "s:4:4:4:Infinity": 3,
        "s:5:4:5:Infinity": 4,
        "f:5:11:5:26": 2,
        "s:5:26:5:Infinity": 5,
        "s:6:4:6:Infinity": 6,
        "f:6:11:6:22": 3,
        "s:6:32:6:Infinity": 7
      }
    }
  },
  "/Users/yulia/REACT2026/rs-react2026-app/src/helpers/schema.ts": {
    "path": "/Users/yulia/REACT2026/rs-react2026-app/src/helpers/schema.ts",
    "statementMap": {
      "0": {
        "start": { "line": 4, "column": 40 },
        "end": { "line": 51, "column": null }
      },
      "1": {
        "start": { "line": 20, "column": 4 },
        "end": { "line": 20, "column": null }
      },
      "2": {
        "start": { "line": 20, "column": 16 },
        "end": { "line": 20, "column": null }
      },
      "3": {
        "start": { "line": 21, "column": 23 },
        "end": { "line": 21, "column": null }
      },
      "4": {
        "start": { "line": 22, "column": 4 },
        "end": { "line": 24, "column": null }
      },
      "5": {
        "start": { "line": 23, "column": 6 },
        "end": { "line": 23, "column": null }
      },
      "6": {
        "start": { "line": 25, "column": 4 },
        "end": { "line": 25, "column": null }
      },
      "7": {
        "start": { "line": 48, "column": 19 },
        "end": { "line": 48, "column": null }
      }
    },
    "fnMap": {
      "0": {
        "name": "(anonymous_0)",
        "decl": {
          "start": { "line": 19, "column": 25 },
          "end": { "line": 19, "column": 50 }
        },
        "loc": {
          "start": { "line": 19, "column": 60 },
          "end": { "line": 26, "column": 3 }
        },
        "line": 19
      },
      "1": {
        "name": "(anonymous_1)",
        "decl": {
          "start": { "line": 47, "column": 8 },
          "end": { "line": 47, "column": null }
        },
        "loc": {
          "start": { "line": 48, "column": 19 },
          "end": { "line": 48, "column": null }
        },
        "line": 48
      }
    },
    "branchMap": {
      "0": {
        "loc": {
          "start": { "line": 20, "column": 4 },
          "end": { "line": 20, "column": null }
        },
        "type": "if",
        "locations": [
          {
            "start": { "line": 20, "column": 4 },
            "end": { "line": 20, "column": null }
          },
          { "start": {}, "end": {} }
        ],
        "line": 20
      },
      "1": {
        "loc": {
          "start": { "line": 22, "column": 4 },
          "end": { "line": 24, "column": null }
        },
        "type": "if",
        "locations": [
          {
            "start": { "line": 22, "column": 4 },
            "end": { "line": 24, "column": null }
          },
          { "start": {}, "end": {} }
        ],
        "line": 22
      },
      "2": {
        "loc": {
          "start": { "line": 22, "column": 8 },
          "end": { "line": 22, "column": 50 }
        },
        "type": "binary-expr",
        "locations": [
          {
            "start": { "line": 22, "column": 8 },
            "end": { "line": 22, "column": 23 }
          },
          {
            "start": { "line": 22, "column": 23 },
            "end": { "line": 22, "column": 50 }
          }
        ],
        "line": 22
      },
      "3": {
        "loc": {
          "start": { "line": 48, "column": 19 },
          "end": { "line": 48, "column": null }
        },
        "type": "binary-expr",
        "locations": [
          {
            "start": { "line": 48, "column": 19 },
            "end": { "line": 48, "column": 28 }
          },
          {
            "start": { "line": 48, "column": 28 },
            "end": { "line": 48, "column": 57 }
          },
          {
            "start": { "line": 48, "column": 57 },
            "end": { "line": 48, "column": null }
          }
        ],
        "line": 48
      }
    },
    "s": { "0": 3, "1": 3, "2": 1, "3": 2, "4": 2, "5": 1, "6": 1, "7": 1 },
    "f": { "0": 3, "1": 1 },
    "b": { "0": [1, 2], "1": [1, 1], "2": [2, 2], "3": [1, 1, 1] },
    "meta": {
      "lastBranch": 4,
      "lastFunction": 2,
      "lastStatement": 8,
      "seen": {
        "s:4:40:51:Infinity": 0,
        "f:19:25:19:50": 0,
        "b:20:4:20:Infinity:undefined:undefined:undefined:undefined": 0,
        "s:20:4:20:Infinity": 1,
        "s:20:16:20:Infinity": 2,
        "s:21:23:21:Infinity": 3,
        "b:22:4:24:Infinity:undefined:undefined:undefined:undefined": 1,
        "s:22:4:24:Infinity": 4,
        "b:22:8:22:23:22:23:22:50": 2,
        "s:23:6:23:Infinity": 5,
        "s:25:4:25:Infinity": 6,
        "f:47:8:47:Infinity": 1,
        "s:48:19:48:Infinity": 7,
        "b:48:19:48:28:48:28:48:57:48:57:48:Infinity": 3
      }
    }
  },
  "/Users/yulia/REACT2026/rs-react2026-app/src/types/types.ts": {
    "path": "/Users/yulia/REACT2026/rs-react2026-app/src/types/types.ts",
    "statementMap": {},
    "fnMap": {},
    "branchMap": {},
    "s": {},
    "f": {},
    "b": {},
    "meta": {
      "lastBranch": 0,
      "lastFunction": 0,
      "lastStatement": 0,
      "seen": {}
    }
  }
}
